[2025-05-22T17:41:04.767Z] GET /api/recipes 200 51.712 ms User: guest
[2025-05-22T17:41:04.785Z] GET /api/recipes 304 9.098 ms User: guest
[2025-05-22T17:41:24.379Z] GET /api/recipes 304 18.673 ms User: guest
[2025-05-22T17:41:24.412Z] GET /api/recipes 304 12.981 ms User: guest
[2025-05-22T18:14:19.406Z] GET /api/recipes 304 21.562 ms User: guest
[2025-05-22T18:14:19.436Z] GET /api/recipes 304 13.168 ms User: guest
[2025-05-22T18:14:34.506Z] GET /api/recipes 304 9.070 ms User: guest
[2025-05-22T18:14:34.520Z] GET /api/recipes 304 7.644 ms User: guest
[2025-05-22T18:17:12.505Z] GET /api/recipes 304 6.630 ms User: guest
[2025-05-22T18:17:12.520Z] GET /api/recipes 304 9.303 ms User: guest
[2025-05-22T18:17:17.508Z] GET /api/recipes 304 9.205 ms User: guest
[2025-05-22T18:17:17.522Z] GET /api/recipes 304 7.130 ms User: guest
[2025-05-22T18:20:47.496Z] GET /api/recipes 304 7.397 ms User: guest
[2025-05-22T18:20:47.514Z] GET /api/recipes 304 9.071 ms User: guest
[2025-05-22T18:22:32.517Z] GET /api/recipes 304 12.938 ms User: guest
[2025-05-22T18:22:32.537Z] GET /api/recipes 304 10.997 ms User: guest
[2025-05-22T18:22:37.120Z] GET /api/recipes 304 7.375 ms User: guest
[2025-05-22T18:22:37.138Z] GET /api/recipes 304 8.720 ms User: guest
[2025-05-22T18:22:41.685Z] GET /api/recipes 304 9.262 ms User: guest
[2025-05-22T18:22:41.706Z] GET /api/recipes 304 10.476 ms User: guest
[2025-05-22T18:22:43.409Z] GET /api/recipes 304 10.377 ms User: guest
[2025-05-22T18:22:43.428Z] GET /api/recipes 304 8.397 ms User: guest
[2025-05-23T16:46:29.831Z] GET /api/recipes 304 14.859 ms User: guest
[2025-05-23T16:46:29.842Z] GET /api/recipes 304 5.262 ms User: guest
[2025-05-23T17:20:32.549Z] POST /api/auth/register 201 95.725 ms User: guest
[2025-05-23T17:20:32.571Z] GET /api/recipes 304 3.799 ms User: guest
[2025-05-23T17:20:32.580Z] GET /api/recipes 304 5.011 ms User: guest
[2025-05-23T17:20:58.607Z] POST /api/auth/login 401 51.960 ms User: guest
[2025-05-23T17:21:09.045Z] POST /api/auth/login 200 51.167 ms User: guest
[2025-05-23T17:21:09.074Z] GET /api/recipes 304 7.369 ms User: guest
[2025-05-23T17:21:09.086Z] GET /api/recipes 304 6.033 ms User: guest
[2025-05-23T17:21:14.701Z] GET /api/favorites 500 0.535 ms User: guest
[2025-05-23T17:21:14.704Z] GET /api/favorites 500 0.274 ms User: guest
[2025-05-23T17:21:14.710Z] GET /api/favorites 500 0.178 ms User: guest
[2025-05-23T17:21:14.713Z] GET /api/favorites 500 0.266 ms User: guest
[2025-05-23T17:21:18.375Z] GET /api/recipes 304 3.853 ms User: guest
[2025-05-23T17:21:18.384Z] GET /api/recipes 304 4.877 ms User: guest
[2025-05-23T17:21:48.019Z] PUT /api/users/profile 401 1.092 ms User: guest
[2025-05-23T17:23:39.682Z] GET /api/recipes 304 3.736 ms User: guest
[2025-05-23T17:23:39.693Z] GET /api/recipes 304 5.177 ms User: guest
[2025-05-23T17:23:47.688Z] GET /api/recipes 304 5.695 ms User: guest
[2025-05-23T17:23:47.701Z] GET /api/auth/verify 401 0.453 ms User: guest
[2025-05-23T17:23:47.703Z] GET /api/recipes 304 8.029 ms User: guest
[2025-05-23T17:23:47.707Z] GET /api/auth/verify 401 0.399 ms User: guest
[2025-05-23T17:23:47.719Z] POST /api/auth/logout 401 0.228 ms User: guest
[2025-05-23T17:23:47.728Z] POST /api/auth/logout 401 0.250 ms User: guest
[2025-05-25T11:20:13.571Z] GET /api/recipes 304 34.300 ms User: guest
[2025-05-25T11:20:13.580Z] GET /api/recipes 304 4.331 ms User: guest
[2025-05-25T11:38:22.144Z] GET /api/recipes 304 7.059 ms User: guest
[2025-05-25T11:38:22.157Z] GET /api/recipes 304 6.746 ms User: guest
[2025-05-25T11:38:47.463Z] POST /api/auth/login 200 99.788 ms User: guest
[2025-05-25T11:38:47.554Z] POST /api/auth/login 200 88.229 ms User: guest
[2025-05-25T11:38:47.559Z] GET /api/recipes 304 6.757 ms User: guest
[2025-05-25T11:38:47.570Z] GET /api/recipes 304 5.715 ms User: guest
[2025-05-25T11:39:22.090Z] GET /api/favorites 500 0.455 ms User: guest
[2025-05-25T11:39:22.097Z] GET /api/favorites 500 0.237 ms User: guest
[2025-05-25T11:39:22.103Z] GET /api/favorites 500 0.310 ms User: guest
[2025-05-25T11:39:22.107Z] GET /api/favorites 500 0.206 ms User: guest
[2025-05-25T11:41:14.840Z] PUT /api/users/profile 401 0.333 ms User: guest
[2025-05-25T11:48:50.014Z] GET /api/auth/verify 401 0.163 ms User: guest
[2025-05-25T11:48:50.018Z] GET /api/auth/verify 401 0.143 ms User: guest
[2025-05-25T11:48:50.027Z] POST /api/auth/logout 401 0.135 ms User: guest
[2025-05-25T11:48:50.038Z] POST /api/auth/logout 401 0.137 ms User: guest
[2025-05-25T12:05:01.079Z] GET /api/recipes 304 6.751 ms User: guest
[2025-05-25T12:05:01.091Z] GET /api/recipes 304 5.950 ms User: guest
[2025-05-25T12:05:01.666Z] GET /api/recipes 304 7.579 ms User: guest
[2025-05-25T12:05:01.675Z] GET /api/recipes 304 5.129 ms User: guest
[2025-05-25T12:05:08.531Z] GET /api/recipes 304 5.957 ms User: guest
[2025-05-25T12:05:08.544Z] GET /api/recipes 304 5.410 ms User: guest
[2025-05-25T12:05:10.361Z] GET /api/recipes 304 6.313 ms User: guest
[2025-05-25T12:05:10.373Z] GET /api/recipes 304 5.069 ms User: guest
[2025-05-25T12:05:11.369Z] GET /api/recipes/67b2890f07e0bd4deb1e685a 200 12.403 ms User: guest
[2025-05-25T12:05:11.378Z] GET /api/recipes/67b2890f07e0bd4deb1e685a 304 4.170 ms User: guest
[2025-05-25T12:05:13.951Z] GET /api/recipes 304 6.461 ms User: guest
[2025-05-25T12:05:13.962Z] GET /api/recipes 304 4.927 ms User: guest
[2025-05-25T12:05:16.510Z] GET /api/recipes 304 6.242 ms User: guest
[2025-05-25T12:05:16.524Z] GET /api/recipes 304 6.651 ms User: guest
[2025-05-25T12:05:33.715Z] GET /api/recipes 304 5.876 ms User: guest
[2025-05-25T12:05:33.725Z] GET /api/recipes 304 4.537 ms User: guest
[2025-05-25T12:06:46.286Z] GET /api/recipes 304 4.874 ms User: guest
[2025-05-25T12:06:46.296Z] GET /api/recipes 304 5.316 ms User: guest
[2025-05-25T12:07:07.709Z] GET /api/recipes 304 6.457 ms User: guest
[2025-05-25T12:07:07.721Z] GET /api/recipes 304 6.691 ms User: guest
[2025-05-25T12:13:51.852Z] GET /api/recipes 304 3.839 ms User: guest
[2025-05-25T12:24:18.574Z] GET /api/recipes 304 8.063 ms User: guest
[2025-05-25T12:24:18.588Z] GET /api/recipes 304 7.821 ms User: guest
[2025-05-25T12:25:45.725Z] GET /api/recipes 304 4.302 ms User: guest
[2025-05-25T12:25:45.734Z] GET /api/recipes 304 4.097 ms User: guest
[2025-05-25T12:31:27.208Z] GET /api/recipes 304 5.015 ms User: guest
[2025-05-25T12:31:27.218Z] GET /api/recipes 304 4.433 ms User: guest
[2025-05-25T12:31:27.666Z] GET /api/recipes 304 4.115 ms User: guest
[2025-05-25T12:31:27.676Z] GET /api/recipes 304 4.137 ms User: guest
[2025-05-25T12:31:31.784Z] GET /api/recipes 304 4.379 ms User: guest
[2025-05-25T12:31:31.792Z] GET /api/recipes 304 4.176 ms User: guest
[2025-05-25T12:31:36.307Z] GET /api/recipes 304 6.671 ms User: guest
[2025-05-25T12:31:36.317Z] GET /api/recipes 304 6.113 ms User: guest
[2025-05-25T12:32:24.484Z] GET /api/recipes 304 4.090 ms User: guest
[2025-05-25T12:32:24.493Z] GET /api/recipes 304 4.029 ms User: guest
[2025-05-25T12:32:26.706Z] GET /api/recipes 304 3.086 ms User: guest
[2025-05-25T12:32:26.714Z] GET /api/recipes 304 4.283 ms User: guest
[2025-05-25T12:33:32.024Z] GET /api/recipes 304 5.750 ms User: guest
[2025-05-25T12:33:32.038Z] GET /api/recipes 304 6.291 ms User: guest
[2025-05-25T12:33:36.231Z] GET /api/recipes 304 5.749 ms User: guest
[2025-05-25T12:33:36.240Z] GET /api/recipes 304 4.643 ms User: guest
[2025-05-25T12:33:40.980Z] GET /api/recipes 304 5.232 ms User: guest
[2025-05-25T12:33:40.991Z] GET /api/recipes 304 6.406 ms User: guest
[2025-05-25T12:34:01.439Z] GET /api/recipes 304 4.771 ms User: guest
[2025-05-25T12:34:01.449Z] GET /api/recipes 304 5.926 ms User: guest
[2025-05-25T12:34:57.604Z] GET /api/recipes 304 5.304 ms User: guest
[2025-05-25T12:34:57.615Z] GET /api/recipes 304 4.998 ms User: guest
[2025-05-25T12:34:59.192Z] GET /api/recipes 304 5.279 ms User: guest
[2025-05-25T12:34:59.200Z] GET /api/recipes 304 4.527 ms User: guest
[2025-05-25T12:41:50.784Z] GET /api/recipes 304 4.924 ms User: guest
[2025-05-25T12:41:50.795Z] GET /api/recipes 304 4.709 ms User: guest
[2025-05-25T12:41:51.316Z] GET /api/recipes 304 5.420 ms User: guest
[2025-05-25T12:41:51.327Z] GET /api/recipes 304 5.050 ms User: guest
[2025-05-25T12:41:52.341Z] GET /api/recipes 304 5.567 ms User: guest
[2025-05-25T12:41:52.352Z] GET /api/recipes 304 5.936 ms User: guest
[2025-05-25T12:41:54.917Z] GET /api/recipes 304 5.260 ms User: guest
[2025-05-25T12:41:54.928Z] GET /api/recipes 304 5.800 ms User: guest
[2025-05-25T12:43:16.026Z] GET /api/recipes 304 3.815 ms User: guest
[2025-05-25T12:43:16.032Z] GET /api/recipes 304 3.459 ms User: guest
[2025-05-25T12:43:16.365Z] GET /api/recipes 304 3.417 ms User: guest
[2025-05-25T12:43:16.374Z] GET /api/recipes 304 4.039 ms User: guest
[2025-05-25T12:46:30.641Z] GET /api/recipes 304 5.201 ms User: guest
[2025-05-25T12:46:30.649Z] GET /api/recipes 304 3.919 ms User: guest
[2025-05-25T12:46:32.219Z] GET /api/recipes 304 4.576 ms User: guest
[2025-05-25T12:46:32.229Z] GET /api/recipes 304 5.297 ms User: guest
[2025-05-25T12:46:34.789Z] GET /api/recipes 304 4.492 ms User: guest
[2025-05-25T12:46:34.797Z] GET /api/recipes 304 4.747 ms User: guest
[2025-05-25T12:47:05.575Z] GET /api/recipes 304 4.729 ms User: guest
[2025-05-25T12:47:05.586Z] GET /api/recipes 304 5.183 ms User: guest
[2025-05-25T12:47:06.112Z] GET /api/recipes 304 5.215 ms User: guest
[2025-05-25T12:47:06.123Z] GET /api/recipes 304 5.575 ms User: guest
[2025-05-25T12:47:14.682Z] GET /api/recipes 304 5.138 ms User: guest
[2025-05-25T12:47:14.693Z] GET /api/recipes 304 5.598 ms User: guest
[2025-05-25T12:47:15.778Z] GET /api/recipes/undefined 500 8.393 ms User: guest
[2025-05-25T12:47:15.785Z] GET /api/recipes/undefined 500 2.916 ms User: guest
[2025-05-25T12:47:18.441Z] GET /api/recipes 304 6.312 ms User: guest
[2025-05-25T12:47:18.453Z] GET /api/recipes 304 5.669 ms User: guest
[2025-05-25T12:47:19.695Z] GET /api/recipes/undefined 500 2.153 ms User: guest
[2025-05-25T12:47:19.701Z] GET /api/recipes/undefined 500 2.185 ms User: guest
[2025-05-25T12:47:30.873Z] GET /api/recipes 304 5.288 ms User: guest
[2025-05-25T12:47:30.883Z] GET /api/recipes 304 5.158 ms User: guest
[2025-05-25T12:51:09.742Z] GET /api/recipes 304 6.964 ms User: guest
[2025-05-25T12:51:09.754Z] GET /api/recipes 304 5.246 ms User: guest
[2025-05-25T12:51:11.926Z] GET /api/recipes 304 5.385 ms User: guest
[2025-05-25T12:51:11.933Z] GET /api/recipes 304 3.818 ms User: guest
[2025-05-25T12:51:14.956Z] GET /api/recipes 304 4.479 ms User: guest
[2025-05-25T12:51:14.966Z] GET /api/recipes 304 5.302 ms User: guest
[2025-05-25T12:51:15.420Z] GET /api/recipes 304 4.543 ms User: guest
[2025-05-25T12:51:15.428Z] GET /api/recipes 304 4.220 ms User: guest
[2025-05-25T13:00:19.342Z] GET /api/recipes 304 4.007 ms User: guest
[2025-05-25T13:00:19.350Z] GET /api/recipes 304 3.852 ms User: guest
[2025-05-25T13:00:19.700Z] GET /api/recipes 304 3.812 ms User: guest
[2025-05-25T13:00:19.709Z] GET /api/recipes 304 3.888 ms User: guest
[2025-05-25T13:03:48.156Z] GET /api/recipes 304 4.841 ms User: guest
[2025-05-25T13:03:48.166Z] GET /api/recipes 304 4.921 ms User: guest
[2025-05-25T13:04:19.058Z] GET /api/recipes 304 4.257 ms User: guest
[2025-05-25T13:04:19.067Z] GET /api/recipes 304 4.243 ms User: guest
[2025-05-25T13:05:32.794Z] GET /api/recipes 304 7.378 ms User: guest
[2025-05-25T13:05:36.266Z] GET /api/recipes 304 5.338 ms User: guest
[2025-05-25T13:05:36.278Z] GET /api/recipes 304 6.044 ms User: guest
[2025-05-25T13:05:40.216Z] GET /api/recipes 304 3.287 ms User: guest
[2025-05-25T13:05:42.742Z] GET /api/recipes 304 3.642 ms User: guest
[2025-05-25T13:07:25.175Z] GET /api/recipes 304 3.516 ms User: guest
[2025-05-25T13:08:03.419Z] GET /api/recipes 304 5.689 ms User: guest
[2025-05-25T13:08:03.429Z] GET /api/recipes 304 4.845 ms User: guest
[2025-05-25T13:08:06.612Z] GET /api/recipes 304 6.077 ms User: guest
[2025-05-25T13:08:06.623Z] GET /api/recipes 304 5.182 ms User: guest
[2025-05-25T13:08:15.865Z] GET /api/recipes 304 5.881 ms User: guest
[2025-05-25T13:08:15.878Z] GET /api/recipes 304 6.188 ms User: guest
[2025-05-25T13:08:20.807Z] GET /api/recipes 304 5.921 ms User: guest
[2025-05-25T13:08:20.819Z] GET /api/recipes 304 5.417 ms User: guest
[2025-05-25T13:08:30.229Z] GET /api/recipes 304 6.436 ms User: guest
[2025-05-25T13:08:30.240Z] GET /api/recipes 304 5.912 ms User: guest
[2025-05-25T13:12:38.515Z] GET /api/recipes 304 5.939 ms User: guest
[2025-05-25T13:12:38.525Z] GET /api/recipes 304 5.390 ms User: guest
[2025-05-25T13:12:41.445Z] GET /api/recipes 304 4.632 ms User: guest
[2025-05-25T13:12:41.453Z] GET /api/recipes 304 4.142 ms User: guest
[2025-05-25T13:12:48.011Z] GET /api/recipes 304 4.697 ms User: guest
[2025-05-25T13:12:48.019Z] GET /api/recipes 304 4.667 ms User: guest
[2025-05-25T13:12:49.328Z] GET /api/recipes 304 3.573 ms User: guest
[2025-05-25T13:12:49.337Z] GET /api/recipes 304 4.967 ms User: guest
[2025-05-25T13:14:20.557Z] GET /api/recipes 304 3.938 ms User: guest
[2025-05-25T13:14:20.565Z] GET /api/recipes 304 4.731 ms User: guest
[2025-05-25T13:14:22.090Z] GET /api/recipes 304 3.358 ms User: guest
[2025-05-25T13:14:22.097Z] GET /api/recipes 304 3.680 ms User: guest
[2025-05-25T13:14:31.719Z] GET /api/recipes 304 3.418 ms User: guest
[2025-05-25T13:14:31.727Z] GET /api/recipes 304 3.767 ms User: guest
[2025-05-25T13:14:32.095Z] GET /api/recipes 304 4.257 ms User: guest
[2025-05-25T13:14:32.102Z] GET /api/recipes 304 4.267 ms User: guest
[2025-05-25T13:14:33.792Z] GET /api/recipes/undefined 500 1.923 ms User: guest
[2025-05-25T13:14:33.797Z] GET /api/recipes/undefined 500 1.321 ms User: guest
[2025-05-25T13:14:35.001Z] GET /api/recipes 304 3.538 ms User: guest
[2025-05-25T13:14:35.008Z] GET /api/recipes 304 3.801 ms User: guest
[2025-05-25T13:15:10.761Z] GET /api/recipes 304 5.278 ms User: guest
[2025-05-25T13:15:10.770Z] GET /api/recipes 304 4.084 ms User: guest
[2025-05-25T13:15:17.955Z] GET /api/recipes 304 4.419 ms User: guest
[2025-05-25T13:15:17.962Z] GET /api/recipes 304 3.422 ms User: guest
[2025-05-25T13:15:30.256Z] GET /api/recipes 304 4.024 ms User: guest
[2025-05-25T13:15:30.267Z] GET /api/recipes 304 6.857 ms User: guest
[2025-05-25T13:15:36.923Z] GET /api/recipes 304 4.815 ms User: guest
[2025-05-25T13:15:36.931Z] GET /api/recipes 304 3.810 ms User: guest
[2025-05-25T13:15:39.775Z] GET /api/recipes 304 5.237 ms User: guest
[2025-05-25T13:15:39.783Z] GET /api/recipes 304 3.779 ms User: guest
[2025-05-25T13:15:46.401Z] GET /api/recipes 304 5.789 ms User: guest
[2025-05-25T13:15:46.417Z] GET /api/recipes 304 5.503 ms User: guest
[2025-05-25T13:15:49.389Z] GET /api/recipes 304 5.456 ms User: guest
[2025-05-25T13:15:49.399Z] GET /api/recipes 304 4.109 ms User: guest
[2025-05-25T13:15:53.696Z] GET /api/recipes 304 5.547 ms User: guest
[2025-05-25T13:15:53.708Z] GET /api/recipes 304 6.281 ms User: guest
[2025-05-25T13:16:03.490Z] GET /api/recipes 304 5.541 ms User: guest
[2025-05-25T13:16:03.502Z] GET /api/recipes 304 5.781 ms User: guest
[2025-05-25T13:23:43.993Z] GET /api/recipes 304 5.793 ms User: guest
[2025-05-25T13:23:48.128Z] GET /api/recipes 304 5.327 ms User: guest
[2025-05-25T13:23:48.142Z] GET /api/recipes 304 6.726 ms User: guest
[2025-05-25T13:23:55.946Z] GET /api/recipes 304 4.782 ms User: guest
[2025-05-25T13:26:39.462Z] GET /api/recipes 304 4.042 ms User: guest
[2025-05-25T13:27:15.462Z] GET /api/recipes 304 4.697 ms User: guest
[2025-05-25T13:28:48.213Z] GET /api/recipes 304 4.886 ms User: guest
[2025-05-25T13:28:50.476Z] GET /api/recipes 304 3.122 ms User: guest
[2025-05-25T13:28:50.484Z] GET /api/recipes 304 3.740 ms User: guest
[2025-05-25T13:28:54.599Z] GET /api/recipes 304 4.698 ms User: guest
[2025-05-25T13:28:55.947Z] GET /api/recipes 304 5.209 ms User: guest
[2025-05-25T13:28:57.257Z] GET /api/recipes 304 5.785 ms User: guest
[2025-05-25T13:29:00.702Z] GET /api/recipes 304 4.828 ms User: guest
[2025-05-25T13:29:01.184Z] GET /api/recipes 304 4.546 ms User: guest
[2025-05-25T13:29:02.024Z] GET /api/recipes 304 4.566 ms User: guest
[2025-05-25T13:29:02.544Z] GET /api/recipes 304 4.400 ms User: guest
[2025-05-25T13:29:02.870Z] GET /api/recipes 304 3.977 ms User: guest
[2025-05-25T13:29:02.961Z] GET /api/recipes 304 4.451 ms User: guest
[2025-05-25T13:29:03.068Z] GET /api/recipes 304 4.593 ms User: guest
[2025-05-25T13:29:03.230Z] GET /api/recipes 304 4.840 ms User: guest
[2025-05-25T13:29:04.855Z] GET /api/recipes 304 4.023 ms User: guest
[2025-05-25T13:29:05.012Z] GET /api/recipes 304 4.431 ms User: guest
[2025-05-25T13:29:05.169Z] GET /api/recipes 304 4.240 ms User: guest
[2025-05-25T13:29:05.346Z] GET /api/recipes 304 4.222 ms User: guest
[2025-05-25T13:29:05.840Z] GET /api/recipes 304 4.606 ms User: guest
[2025-05-25T13:29:06.088Z] GET /api/recipes 304 4.336 ms User: guest
[2025-05-25T13:29:06.271Z] GET /api/recipes 304 4.027 ms User: guest
[2025-05-25T13:29:06.459Z] GET /api/recipes 304 5.561 ms User: guest
[2025-05-25T13:29:06.629Z] GET /api/recipes 304 4.358 ms User: guest
[2025-05-25T13:29:07.939Z] GET /api/recipes 304 3.946 ms User: guest
[2025-05-25T13:29:08.094Z] GET /api/recipes 304 4.257 ms User: guest
[2025-05-25T13:29:08.230Z] GET /api/recipes 304 4.340 ms User: guest
[2025-05-25T13:29:09.184Z] GET /api/recipes 304 4.874 ms User: guest
[2025-05-25T13:29:10.170Z] GET /api/recipes 304 4.097 ms User: guest
[2025-05-25T13:29:11.102Z] GET /api/recipes 304 4.107 ms User: guest
[2025-05-25T13:29:11.261Z] GET /api/recipes 304 3.710 ms User: guest
[2025-05-25T13:29:12.523Z] GET /api/recipes 304 4.949 ms User: guest
[2025-05-25T13:29:13.518Z] GET /api/recipes 304 3.754 ms User: guest
[2025-05-25T13:29:14.203Z] GET /api/recipes 304 4.552 ms User: guest
[2025-05-25T13:29:14.362Z] GET /api/recipes 304 4.068 ms User: guest
[2025-05-25T13:29:14.511Z] GET /api/recipes 304 4.264 ms User: guest
[2025-05-25T13:29:16.169Z] GET /api/recipes 304 4.118 ms User: guest
[2025-05-25T13:29:16.335Z] GET /api/recipes 304 4.824 ms User: guest
[2025-05-25T13:29:16.464Z] GET /api/recipes 304 4.632 ms User: guest
[2025-05-25T13:29:17.305Z] GET /api/recipes 304 4.645 ms User: guest
[2025-05-25T13:29:18.457Z] GET /api/recipes 304 4.372 ms User: guest
[2025-05-25T13:29:18.620Z] GET /api/recipes 304 3.278 ms User: guest
[2025-05-25T13:29:18.772Z] GET /api/recipes 304 4.022 ms User: guest
[2025-05-25T13:29:21.387Z] GET /api/recipes 304 6.530 ms User: guest
[2025-05-25T13:29:21.398Z] GET /api/recipes 304 6.450 ms User: guest
[2025-05-25T13:29:22.825Z] GET /api/recipes 304 4.619 ms User: guest
[2025-05-25T13:29:23.666Z] GET /api/recipes 304 6.875 ms User: guest
[2025-05-25T13:29:24.650Z] GET /api/recipes 304 4.933 ms User: guest
[2025-05-25T13:29:24.805Z] GET /api/recipes 304 4.155 ms User: guest
[2025-05-25T13:30:36.898Z] GET /api/recipes/search?category=%D7%A7%D7%99%D7%A0%D7%95%D7%97%D7%99%D7%9D&difficulty=%D7%9E%D7%95%D7%A8%D7%9B%D7%91 200 4.758 ms User: guest
[2025-05-25T13:30:39.642Z] GET /api/recipes/search?category=%D7%A7%D7%99%D7%A0%D7%95%D7%97%D7%99%D7%9D&difficulty=%D7%9E%D7%95%D7%A8%D7%9B%D7%91 304 2.073 ms User: guest
[2025-05-25T13:30:45.175Z] GET /api/recipes 304 4.782 ms User: guest
[2025-05-25T13:30:54.353Z] GET /api/recipes 304 5.009 ms User: guest
[2025-05-25T13:30:54.364Z] GET /api/recipes 304 5.763 ms User: guest
[2025-05-25T13:30:55.946Z] GET /api/recipes/search?category=%D7%9E%D7%A0%D7%95%D7%AA+%D7%A2%D7%99%D7%A7%D7%A8%D7%99%D7%95%D7%AA 200 1.594 ms User: guest
[2025-05-25T13:30:57.493Z] GET /api/recipes/search?category=%D7%A1%D7%9C%D7%98%D7%99%D7%9D 200 4.079 ms User: guest
[2025-05-25T13:30:59.102Z] GET /api/recipes/search?category=%D7%A1%D7%9C%D7%98%D7%99%D7%9D&difficulty=%D7%A7%D7%9C 200 3.709 ms User: guest
[2025-05-25T13:31:00.484Z] GET /api/recipes/search?category=%D7%A1%D7%9C%D7%98%D7%99%D7%9D&difficulty=%D7%91%D7%99%D7%A0%D7%95%D7%A0%D7%99 200 1.696 ms User: guest
[2025-05-25T13:31:02.020Z] GET /api/recipes/search?category=%D7%A1%D7%9C%D7%98%D7%99%D7%9D&difficulty=%D7%91%D7%99%D7%A0%D7%95%D7%A0%D7%99 304 1.823 ms User: guest
[2025-05-25T13:31:02.623Z] GET /api/recipes/search?query=%D7%A1&category=%D7%A1%D7%9C%D7%98%D7%99%D7%9D&difficulty=%D7%91%D7%99%D7%A0%D7%95%D7%A0%D7%99 200 11.814 ms User: guest
[2025-05-25T13:31:03.145Z] GET /api/recipes/search?query=%D7%A1%D7%9C&category=%D7%A1%D7%9C%D7%98%D7%99%D7%9D&difficulty=%D7%91%D7%99%D7%A0%D7%95%D7%A0%D7%99 200 1.915 ms User: guest
[2025-05-25T13:31:03.255Z] GET /api/recipes/search?query=%D7%A1%D7%9C%D7%98&category=%D7%A1%D7%9C%D7%98%D7%99%D7%9D&difficulty=%D7%91%D7%99%D7%A0%D7%95%D7%A0%D7%99 200 1.859 ms User: guest
[2025-05-25T13:31:05.454Z] GET /api/recipes/search?query=%D7%A1%D7%9C&category=%D7%A1%D7%9C%D7%98%D7%99%D7%9D&difficulty=%D7%91%D7%99%D7%A0%D7%95%D7%A0%D7%99 304 5.232 ms User: guest
[2025-05-25T13:31:05.596Z] GET /api/recipes/search?query=%D7%A1&category=%D7%A1%D7%9C%D7%98%D7%99%D7%9D&difficulty=%D7%91%D7%99%D7%A0%D7%95%D7%A0%D7%99 304 1.828 ms User: guest
[2025-05-25T13:31:05.728Z] GET /api/recipes/search?category=%D7%A1%D7%9C%D7%98%D7%99%D7%9D&difficulty=%D7%91%D7%99%D7%A0%D7%95%D7%A0%D7%99 304 1.718 ms User: guest
[2025-05-25T13:31:06.444Z] GET /api/recipes/search?category=%D7%A1%D7%9C%D7%98%D7%99%D7%9D&difficulty=%D7%A7%D7%9C 304 3.600 ms User: guest
[2025-05-25T13:31:07.522Z] GET /api/recipes/search?query=%D7%A1&category=%D7%A1%D7%9C%D7%98%D7%99%D7%9D&difficulty=%D7%A7%D7%9C 200 2.776 ms User: guest
[2025-05-25T13:31:08.153Z] GET /api/recipes/search?query=%D7%A1%D7%9C&category=%D7%A1%D7%9C%D7%98%D7%99%D7%9D&difficulty=%D7%A7%D7%9C 200 3.431 ms User: guest
[2025-05-25T13:31:08.223Z] GET /api/recipes/search?query=%D7%A1%D7%9C%D7%98&category=%D7%A1%D7%9C%D7%98%D7%99%D7%9D&difficulty=%D7%A7%D7%9C 200 3.163 ms User: guest
[2025-05-25T13:31:08.525Z] GET /api/recipes/search?query=%D7%A1%D7%9C%D7%98+&category=%D7%A1%D7%9C%D7%98%D7%99%D7%9D&difficulty=%D7%A7%D7%9C 200 6.506 ms User: guest
[2025-05-25T13:31:08.788Z] GET /api/recipes/search?query=%D7%A1%D7%9C%D7%98+%D7%99&category=%D7%A1%D7%9C%D7%98%D7%99%D7%9D&difficulty=%D7%A7%D7%9C 200 3.146 ms User: guest
[2025-05-25T13:31:08.894Z] GET /api/recipes/search?query=%D7%A1%D7%9C%D7%98+%D7%99%D7%A8&category=%D7%A1%D7%9C%D7%98%D7%99%D7%9D&difficulty=%D7%A7%D7%9C 200 3.421 ms User: guest
[2025-05-25T13:31:09.014Z] GET /api/recipes/search?query=%D7%A1%D7%9C%D7%98+%D7%99%D7%A8%D7%A7&category=%D7%A1%D7%9C%D7%98%D7%99%D7%9D&difficulty=%D7%A7%D7%9C 200 4.323 ms User: guest
[2025-05-25T13:31:09.086Z] GET /api/recipes/search?query=%D7%A1%D7%9C%D7%98+%D7%99%D7%A8%D7%A7%D7%95&category=%D7%A1%D7%9C%D7%98%D7%99%D7%9D&difficulty=%D7%A7%D7%9C 200 3.653 ms User: guest
[2025-05-25T13:31:09.291Z] GET /api/recipes/search?query=%D7%A1%D7%9C%D7%98+%D7%99%D7%A8%D7%A7%D7%95%D7%AA&category=%D7%A1%D7%9C%D7%98%D7%99%D7%9D&difficulty=%D7%A7%D7%9C 200 2.840 ms User: guest
[2025-05-25T13:31:09.482Z] GET /api/recipes/search?query=%D7%A1%D7%9C%D7%98+%D7%99%D7%A8%D7%A7%D7%95%D7%AA+&category=%D7%A1%D7%9C%D7%98%D7%99%D7%9D&difficulty=%D7%A7%D7%9C 200 3.178 ms User: guest
[2025-05-25T13:31:09.656Z] GET /api/recipes/search?query=%D7%A1%D7%9C%D7%98+%D7%99%D7%A8%D7%A7%D7%95%D7%AA+%D7%99&category=%D7%A1%D7%9C%D7%98%D7%99%D7%9D&difficulty=%D7%A7%D7%9C 200 3.058 ms User: guest
[2025-05-25T13:31:09.877Z] GET /api/recipes/search?query=%D7%A1%D7%9C%D7%98+%D7%99%D7%A8%D7%A7%D7%95%D7%AA+%D7%99%D7%A9&category=%D7%A1%D7%9C%D7%98%D7%99%D7%9D&difficulty=%D7%A7%D7%9C 200 3.332 ms User: guest
[2025-05-25T13:31:10.031Z] GET /api/recipes/search?query=%D7%A1%D7%9C%D7%98+%D7%99%D7%A8%D7%A7%D7%95%D7%AA+%D7%99%D7%A9%D7%A8&category=%D7%A1%D7%9C%D7%98%D7%99%D7%9D&difficulty=%D7%A7%D7%9C 200 3.244 ms User: guest
[2025-05-25T13:31:10.171Z] GET /api/recipes/search?query=%D7%A1%D7%9C%D7%98+%D7%99%D7%A8%D7%A7%D7%95%D7%AA+%D7%99%D7%A9%D7%A8%D7%90&category=%D7%A1%D7%9C%D7%98%D7%99%D7%9D&difficulty=%D7%A7%D7%9C 200 3.459 ms User: guest
[2025-05-25T13:31:10.265Z] GET /api/recipes/search?query=%D7%A1%D7%9C%D7%98+%D7%99%D7%A8%D7%A7%D7%95%D7%AA+%D7%99%D7%A9%D7%A8%D7%90%D7%9C&category=%D7%A1%D7%9C%D7%98%D7%99%D7%9D&difficulty=%D7%A7%D7%9C 200 3.166 ms User: guest
[2025-05-25T13:31:10.360Z] GET /api/recipes/search?query=%D7%A1%D7%9C%D7%98+%D7%99%D7%A8%D7%A7%D7%95%D7%AA+%D7%99%D7%A9%D7%A8%D7%90%D7%9C%D7%99&category=%D7%A1%D7%9C%D7%98%D7%99%D7%9D&difficulty=%D7%A7%D7%9C 200 3.737 ms User: guest
[2025-05-25T13:31:10.700Z] GET /api/recipes/search?query=%D7%A1%D7%9C%D7%98+%D7%99%D7%A8%D7%A7%D7%95%D7%AA+%D7%99%D7%A9%D7%A8%D7%90%D7%9C%D7%99%5C&category=%D7%A1%D7%9C%D7%98%D7%99%D7%9D&difficulty=%D7%A7%D7%9C 200 19.274 ms User: guest
[2025-05-25T13:31:13.704Z] GET /api/recipes/search?query=%D7%A1%D7%9C%D7%98+%D7%99%D7%A8%D7%A7%D7%95%D7%AA+%D7%99%D7%A9%D7%A8%D7%90%D7%9C%D7%99&category=%D7%A1%D7%9C%D7%98%D7%99%D7%9D&difficulty=%D7%A7%D7%9C 304 3.865 ms User: guest
[2025-05-25T13:31:15.708Z] GET /api/recipes/search?query=%D7%A1%D7%9C%D7%98+%D7%99%D7%A8%D7%A7%D7%95%D7%AA+%D7%99%D7%A9%D7%A8%D7%90%D7%9C%D7%99.&category=%D7%A1%D7%9C%D7%98%D7%99%D7%9D&difficulty=%D7%A7%D7%9C 200 1.805 ms User: guest
[2025-05-25T13:31:16.813Z] GET /api/recipes/search?query=%D7%A1%D7%9C%D7%98+%D7%99%D7%A8%D7%A7%D7%95%D7%AA+%D7%99%D7%A9%D7%A8%D7%90%D7%9C%D7%99&category=%D7%A1%D7%9C%D7%98%D7%99%D7%9D&difficulty=%D7%A7%D7%9C 304 3.322 ms User: guest
[2025-05-25T13:31:17.229Z] GET /api/recipes/search?query=%D7%A1%D7%9C%D7%98+%D7%99%D7%A8%D7%A7%D7%95%D7%AA+%D7%99%D7%A9%D7%A8%D7%90%D7%9C%D7%99%2F&category=%D7%A1%D7%9C%D7%98%D7%99%D7%9D&difficulty=%D7%A7%D7%9C 200 1.760 ms User: guest
[2025-05-25T13:31:17.834Z] GET /api/recipes/search?query=%D7%A1%D7%9C%D7%98+%D7%99%D7%A8%D7%A7%D7%95%D7%AA+%D7%99%D7%A9%D7%A8%D7%90%D7%9C%D7%99%2F%5C&category=%D7%A1%D7%9C%D7%98%D7%99%D7%9D&difficulty=%D7%A7%D7%9C 200 2.310 ms User: guest
[2025-05-25T13:31:18.754Z] GET /api/recipes/search?query=%D7%A1%D7%9C%D7%98+%D7%99%D7%A8%D7%A7%D7%95%D7%AA+%D7%99%D7%A9%D7%A8%D7%90%D7%9C%D7%99%2F%5C%5C&category=%D7%A1%D7%9C%D7%98%D7%99%D7%9D&difficulty=%D7%A7%D7%9C 200 1.669 ms User: guest
[2025-05-25T13:31:19.316Z] GET /api/recipes/search?query=%D7%A1%D7%9C%D7%98+%D7%99%D7%A8%D7%A7%D7%95%D7%AA+%D7%99%D7%A9%D7%A8%D7%90%D7%9C%D7%99%2F%5C&category=%D7%A1%D7%9C%D7%98%D7%99%D7%9D&difficulty=%D7%A7%D7%9C 304 2.046 ms User: guest
[2025-05-25T13:31:22.531Z] GET /api/recipes/search?query=%D7%A1%D7%9C%D7%98+%D7%99%D7%A8%D7%A7%D7%95%D7%AA+%D7%99%D7%A9%D7%A8%D7%90%D7%9C%D7%99%2F&category=%D7%A1%D7%9C%D7%98%D7%99%D7%9D&difficulty=%D7%A7%D7%9C 304 2.039 ms User: guest
[2025-05-25T13:31:23.163Z] GET /api/recipes/search?query=%D7%A1%D7%9C%D7%98+%D7%99%D7%A8%D7%A7%D7%95%D7%AA+%D7%99%D7%A9%D7%A8%D7%90%D7%9C%D7%99&category=%D7%A1%D7%9C%D7%98%D7%99%D7%9D&difficulty=%D7%A7%D7%9C 304 3.600 ms User: guest
[2025-05-25T13:32:10.255Z] GET /api/recipes/search?query=%D7%A1%D7%9C%D7%98+%D7%99%D7%A8%D7%A7%D7%95%D7%AA+%D7%99%D7%A9%D7%A8%D7%90%D7%9C%D7%99&category=%D7%A1%D7%9C%D7%98%D7%99%D7%9D 200 3.834 ms User: guest
[2025-05-25T13:32:11.311Z] GET /api/recipes/search?query=%D7%A1%D7%9C%D7%98+%D7%99%D7%A8%D7%A7%D7%95%D7%AA+%D7%99%D7%A9%D7%A8%D7%90%D7%9C%D7%99 200 8.122 ms User: guest
[2025-05-25T13:32:12.205Z] GET /api/recipes/search?query=%D7%A1%D7%9C%D7%98+%D7%99%D7%A8%D7%A7%D7%95%D7%AA+%D7%99%D7%A9%D7%A8%D7%90%D7%9C%D7%99&category=%D7%A7%D7%99%D7%A0%D7%95%D7%97%D7%99%D7%9D 200 1.848 ms User: guest
[2025-05-25T13:32:12.914Z] GET /api/recipes 304 3.757 ms User: guest
[2025-05-25T13:32:12.925Z] GET /api/recipes 304 5.573 ms User: guest
[2025-05-25T13:32:13.873Z] GET /api/recipes 304 3.586 ms User: guest
[2025-05-25T13:32:13.882Z] GET /api/recipes 304 3.878 ms User: guest
[2025-05-25T13:32:18.724Z] GET /api/recipes 304 4.659 ms User: guest
[2025-05-25T13:32:18.733Z] GET /api/recipes 304 4.289 ms User: guest
[2025-05-25T13:32:32.640Z] GET /api/recipes 304 4.514 ms User: guest
[2025-05-25T13:32:32.651Z] GET /api/recipes 304 4.103 ms User: guest
[2025-05-25T13:32:36.364Z] GET /api/recipes 304 4.300 ms User: guest
[2025-05-25T13:32:36.372Z] GET /api/recipes 304 3.847 ms User: guest
[2025-05-25T13:33:39.739Z] GET /api/recipes 304 3.150 ms User: guest
[2025-05-25T13:33:39.747Z] GET /api/recipes 304 3.708 ms User: guest
[2025-05-25T13:46:56.683Z] GET /api/recipes 304 4.158 ms User: guest
[2025-05-25T13:46:57.524Z] GET /api/recipes 304 2.928 ms User: guest
[2025-05-25T13:46:57.747Z] GET /api/recipes 304 2.960 ms User: guest
[2025-05-25T13:47:06.833Z] GET /api/recipes 304 5.212 ms User: guest
[2025-05-25T13:47:15.429Z] GET /api/recipes 304 7.318 ms User: guest
[2025-05-25T13:47:15.448Z] GET /api/recipes 304 6.096 ms User: guest
[2025-05-25T13:47:16.752Z] GET /api/recipes/search?category=%D7%A1%D7%9C%D7%98%D7%99%D7%9D 304 4.925 ms User: guest
[2025-05-25T13:47:17.781Z] GET /api/recipes/search?category=%D7%A1%D7%9C%D7%98%D7%99%D7%9D&difficulty=%D7%A7%D7%9C 304 4.658 ms User: guest
[2025-05-25T13:47:19.795Z] GET /api/recipes/search?category=%D7%A1%D7%9C%D7%98%D7%99%D7%9D&difficulty=%D7%9E%D7%95%D7%A8%D7%9B%D7%91 200 2.457 ms User: guest
[2025-05-25T13:47:22.707Z] GET /api/recipes/search?category=%D7%A1%D7%9C%D7%98%D7%99%D7%9D 304 3.731 ms User: guest
[2025-05-25T13:47:23.438Z] GET /api/recipes 304 4.677 ms User: guest
[2025-05-25T13:52:15.015Z] GET /api/recipes 304 7.921 ms User: guest
[2025-05-25T13:52:15.037Z] GET /api/recipes 304 6.141 ms User: guest
[2025-05-25T13:52:16.182Z] GET /api/recipes/search?category=%D7%A1%D7%9C%D7%98%D7%99%D7%9D 304 4.790 ms User: guest
[2025-05-25T13:52:18.853Z] GET /api/recipes 304 3.228 ms User: guest
[2025-05-25T13:55:35.026Z] GET /api/recipes 304 5.231 ms User: guest
[2025-05-25T13:55:35.038Z] GET /api/recipes 304 6.431 ms User: guest
[2025-05-25T13:55:35.436Z] GET /api/recipes 304 5.812 ms User: guest
[2025-05-25T13:55:35.446Z] GET /api/recipes 304 5.122 ms User: guest
[2025-05-25T14:03:16.418Z] GET /api/recipes 304 5.493 ms User: guest
[2025-05-25T14:03:16.432Z] GET /api/recipes 304 5.248 ms User: guest
[2025-05-25T14:03:24.352Z] GET /api/recipes 304 4.379 ms User: guest
[2025-05-25T14:03:24.362Z] GET /api/recipes 304 4.700 ms User: guest
[2025-05-25T14:03:25.453Z] GET /api/recipes 304 4.514 ms User: guest
[2025-05-25T14:03:25.462Z] GET /api/recipes 304 5.241 ms User: guest
[2025-05-25T14:03:30.419Z] GET /api/recipes 304 4.277 ms User: guest
[2025-05-25T14:03:30.427Z] GET /api/recipes 304 4.084 ms User: guest
[2025-05-25T14:03:33.243Z] GET /api/recipes/search?category=%D7%A1%D7%9C%D7%98%D7%99%D7%9D 304 4.154 ms User: guest
[2025-05-25T14:03:34.052Z] GET /api/recipes/search?category=%D7%A1%D7%9C%D7%98%D7%99%D7%9D&difficulty=%D7%A7%D7%9C 304 3.701 ms User: guest
[2025-05-25T14:04:55.138Z] GET /api/recipes 304 4.854 ms User: guest
[2025-05-25T14:04:55.149Z] GET /api/recipes 304 6.015 ms User: guest
[2025-05-25T14:04:59.053Z] GET /api/recipes 304 5.072 ms User: guest
[2025-05-25T14:04:59.064Z] GET /api/recipes 304 4.600 ms User: guest
[2025-05-25T14:08:27.158Z] GET /api/recipes 304 4.072 ms User: guest
[2025-05-25T14:08:27.166Z] GET /api/recipes 304 4.728 ms User: guest
[2025-05-25T14:09:26.597Z] GET /api/recipes 304 4.103 ms User: guest
[2025-05-25T14:09:26.606Z] GET /api/recipes 304 4.682 ms User: guest
[2025-05-25T14:09:27.446Z] GET /api/recipes 304 4.411 ms User: guest
[2025-05-25T14:09:27.454Z] GET /api/recipes 304 3.466 ms User: guest
[2025-05-25T14:09:50.064Z] GET /api/recipes 304 6.490 ms User: guest
[2025-05-25T14:09:50.076Z] GET /api/recipes 304 6.751 ms User: guest
[2025-05-25T14:10:47.869Z] GET /api/recipes/search?query=%D7%A1 200 4.503 ms User: guest
[2025-05-25T14:10:49.272Z] GET /api/recipes/search?query=%D7%A1%D7%9C 200 2.882 ms User: guest
[2025-05-25T14:10:49.405Z] GET /api/recipes/search?query=%D7%A1%D7%9C%D7%98 200 2.781 ms User: guest
[2025-05-25T14:10:50.204Z] GET /api/recipes/search?query=%D7%A1%D7%9C 304 3.167 ms User: guest
[2025-05-25T14:10:50.494Z] GET /api/recipes/search?query=%D7%A1 304 3.319 ms User: guest
[2025-05-25T14:10:51.331Z] GET /api/recipes 304 2.549 ms User: guest
[2025-05-25T14:10:51.536Z] GET /api/recipes/search?query=%D7%A1 304 3.305 ms User: guest
[2025-05-25T14:11:00.840Z] GET /api/recipes 304 3.315 ms User: guest
[2025-05-25T14:11:01.179Z] GET /api/recipes/search?query=%D7%A1 304 3.205 ms User: guest
[2025-05-25T14:11:01.621Z] GET /api/recipes/search?query=%D7%A1%D7%9C 304 3.103 ms User: guest
[2025-05-25T14:11:01.815Z] GET /api/recipes/search?query=%D7%A1%D7%9C%D7%98 304 2.781 ms User: guest
[2025-05-25T14:11:02.172Z] GET /api/recipes/search?query=%D7%A1%D7%9C 304 2.901 ms User: guest
[2025-05-25T14:11:02.304Z] GET /api/recipes/search?query=%D7%A1 304 3.070 ms User: guest
[2025-05-25T14:11:02.487Z] GET /api/recipes 304 3.104 ms User: guest
[2025-05-25T14:11:03.054Z] GET /api/recipes/search?query=%D7%96 200 2.784 ms User: guest
[2025-05-25T14:11:03.374Z] GET /api/recipes 304 3.201 ms User: guest
[2025-05-25T14:11:04.391Z] GET /api/recipes/search?query=%D7%A9 200 3.648 ms User: guest
[2025-05-25T14:11:05.129Z] GET /api/recipes 304 3.045 ms User: guest
[2025-05-25T14:12:18.250Z] GET /api/recipes 304 5.275 ms User: guest
[2025-05-25T14:12:18.261Z] GET /api/recipes 304 5.068 ms User: guest
[2025-05-25T14:12:20.920Z] GET /api/recipes 304 3.809 ms User: guest
[2025-05-25T14:12:20.929Z] GET /api/recipes 304 4.513 ms User: guest
[2025-05-25T14:12:23.499Z] GET /api/recipes/search?query=%D7%A1 304 4.657 ms User: guest
[2025-05-25T14:12:24.564Z] GET /api/recipes/search?query=%D7%A1%D7%9C 304 3.906 ms User: guest
[2025-05-25T14:12:25.717Z] GET /api/recipes/search?query=%D7%A1 304 4.075 ms User: guest
[2025-05-25T14:12:25.880Z] GET /api/recipes 304 5.391 ms User: guest
[2025-05-25T14:12:29.437Z] GET /api/recipes/search?difficulty=%D7%A7%D7%9C 200 4.534 ms User: guest
[2025-05-25T14:12:30.910Z] GET /api/recipes/search?difficulty=%D7%91%D7%99%D7%A0%D7%95%D7%A0%D7%99 200 4.075 ms User: guest
[2025-05-25T14:12:32.021Z] GET /api/recipes/search?difficulty=%D7%9E%D7%95%D7%A8%D7%9B%D7%91 200 2.137 ms User: guest
[2025-05-25T14:12:33.535Z] GET /api/recipes 304 3.758 ms User: guest
[2025-05-25T14:12:35.150Z] GET /api/recipes/search?category=%D7%9E%D7%A8%D7%A7%D7%99%D7%9D 200 2.049 ms User: guest
[2025-05-25T14:12:36.556Z] GET /api/recipes/search?category=%D7%A7%D7%99%D7%A0%D7%95%D7%97%D7%99%D7%9D 200 4.566 ms User: guest
[2025-05-25T14:12:37.491Z] GET /api/recipes/search?category=%D7%9E%D7%A0%D7%95%D7%AA+%D7%A2%D7%99%D7%A7%D7%A8%D7%99%D7%95%D7%AA 304 2.182 ms User: guest
[2025-05-25T14:12:38.342Z] GET /api/recipes/search?category=%D7%A1%D7%9C%D7%98%D7%99%D7%9D 304 4.521 ms User: guest
[2025-05-25T14:12:39.207Z] GET /api/recipes 304 4.428 ms User: guest
[2025-05-25T14:13:28.949Z] GET /api/recipes 304 4.153 ms User: guest
[2025-05-25T14:13:28.957Z] GET /api/recipes 304 4.009 ms User: guest
[2025-05-25T14:13:31.484Z] GET /api/recipes 304 4.581 ms User: guest
[2025-05-25T14:13:31.493Z] GET /api/recipes 304 4.202 ms User: guest
[2025-05-25T14:13:33.250Z] GET /api/recipes 304 4.313 ms User: guest
[2025-05-25T14:13:33.261Z] GET /api/recipes 304 4.421 ms User: guest
[2025-05-25T14:14:00.044Z] GET /api/recipes 304 5.097 ms User: guest
[2025-05-25T14:14:00.057Z] GET /api/recipes 304 6.487 ms User: guest
[2025-05-25T14:14:10.310Z] GET /api/recipes 304 4.639 ms User: guest
[2025-05-25T14:14:10.320Z] GET /api/recipes 304 4.785 ms User: guest
[2025-05-25T14:14:10.883Z] GET /api/recipes 304 4.938 ms User: guest
[2025-05-25T14:14:10.891Z] GET /api/recipes 304 4.643 ms User: guest
[2025-05-25T14:16:46.111Z] GET /api/recipes 304 3.857 ms User: guest
[2025-05-25T14:16:46.121Z] GET /api/recipes 304 4.373 ms User: guest
[2025-05-25T14:16:49.132Z] GET /api/recipes/search?category=%D7%A1%D7%9C%D7%98%D7%99%D7%9D 304 2.999 ms User: guest
[2025-05-25T14:16:49.981Z] GET /api/recipes/search?category=%D7%A1%D7%9C%D7%98%D7%99%D7%9D&difficulty=%D7%A7%D7%9C 304 4.209 ms User: guest
[2025-05-25T14:16:50.966Z] GET /api/recipes/search?category=%D7%A1%D7%9C%D7%98%D7%99%D7%9D 304 4.056 ms User: guest
[2025-05-25T14:16:51.575Z] GET /api/recipes 304 3.630 ms User: guest
[2025-05-25T14:16:52.327Z] GET /api/recipes/search?query=X 200 2.487 ms User: guest
[2025-05-25T14:16:54.517Z] GET /api/recipes/search?query=x 200 1.886 ms User: guest
[2025-05-25T14:16:55.629Z] GET /api/recipes/search?query=%D7%A1 304 4.324 ms User: guest
[2025-05-25T14:17:04.925Z] GET /api/recipes 304 3.548 ms User: guest
[2025-05-25T14:17:07.989Z] GET /api/recipes 304 5.296 ms User: guest
[2025-05-25T14:17:07.999Z] GET /api/recipes 304 4.040 ms User: guest
[2025-05-25T14:17:08.264Z] GET /api/recipes 304 4.935 ms User: guest
[2025-05-25T14:17:08.274Z] GET /api/recipes 304 4.957 ms User: guest
[2025-05-25T14:17:21.019Z] GET /api/recipes 304 6.193 ms User: guest
[2025-05-25T14:17:21.031Z] GET /api/recipes 304 5.682 ms User: guest
[2025-05-25T14:17:28.114Z] GET /api/recipes/search?query=%D7%97 200 4.663 ms User: guest
[2025-05-25T14:17:28.518Z] GET /api/recipes/search?query=%D7%97%D7%95 200 2.315 ms User: guest
[2025-05-25T14:17:29.793Z] GET /api/recipes/search?query=%D7%97%D7%95%D7%9E 200 2.270 ms User: guest
[2025-05-25T14:17:30.746Z] GET /api/recipes/search?query=%D7%97%D7%95 304 2.387 ms User: guest
[2025-05-25T14:17:30.912Z] GET /api/recipes/search?query=%D7%97 304 4.718 ms User: guest
[2025-05-25T14:17:31.080Z] GET /api/recipes 304 4.649 ms User: guest
[2025-05-25T14:17:33.435Z] GET /api/recipes/search?query=%D7%A1 304 4.032 ms User: guest
[2025-05-25T14:17:34.550Z] GET /api/recipes 304 5.322 ms User: guest
[2025-05-25T14:17:35.482Z] GET /api/recipes/search?difficulty=%D7%91%D7%99%D7%A0%D7%95%D7%A0%D7%99 304 3.732 ms User: guest
[2025-05-25T14:17:37.354Z] GET /api/recipes 304 4.324 ms User: guest
[2025-05-25T14:17:46.839Z] GET /api/recipes 304 4.952 ms User: guest
[2025-05-25T14:17:46.847Z] GET /api/recipes 304 4.554 ms User: guest
[2025-05-26T17:43:13.462Z] GET /api/recipes 304 6.751 ms User: guest
[2025-05-26T17:43:13.472Z] GET /api/recipes 304 5.125 ms User: guest
[2025-05-26T17:48:29.555Z] GET /api/recipes 304 5.162 ms User: guest
[2025-05-26T17:48:29.568Z] GET /api/recipes 304 4.893 ms User: guest
[2025-05-26T17:48:29.621Z] GET /api/recipes 304 3.710 ms User: guest
[2025-05-26T17:48:29.629Z] GET /api/recipes 304 4.180 ms User: guest
[2025-05-26T17:48:36.767Z] GET /api/recipes 304 5.056 ms User: guest
[2025-05-26T17:48:36.779Z] GET /api/recipes 304 5.548 ms User: guest
[2025-05-26T17:48:37.207Z] GET /api/recipes 304 4.100 ms User: guest
[2025-05-26T17:48:37.218Z] GET /api/recipes 304 4.715 ms User: guest
[2025-05-26T17:48:52.581Z] POST /api/auth/login 200 101.813 ms User: guest
[2025-05-26T17:48:52.611Z] GET /api/recipes 304 6.436 ms User: guest
[2025-05-26T17:48:52.623Z] GET /api/recipes 304 6.278 ms User: guest
[2025-05-26T17:49:00.833Z] GET /api/recipes 304 6.137 ms User: guest
[2025-05-26T17:49:00.847Z] GET /api/recipes 304 7.803 ms User: guest
[2025-05-26T17:49:14.927Z] GET /api/recipes 304 6.255 ms User: guest
[2025-05-26T17:49:14.941Z] GET /api/recipes 304 7.141 ms User: guest
[2025-05-26T17:49:18.604Z] GET /api/recipes 304 5.842 ms User: guest
[2025-05-26T17:49:18.614Z] GET /api/recipes 304 5.592 ms User: guest
[2025-05-26T17:49:20.525Z] GET /api/recipes/undefined 500 2.690 ms User: guest
[2025-05-26T17:49:20.536Z] GET /api/recipes/undefined 500 2.970 ms User: guest
[2025-05-26T18:23:48.704Z] GET /api/recipes/undefined 500 3.407 ms User: guest
[2025-05-26T18:23:48.711Z] GET /api/recipes/undefined 500 2.047 ms User: guest
[2025-05-26T18:23:48.733Z] GET /api/auth/verify 401 0.400 ms User: guest
[2025-05-26T18:23:48.738Z] GET /api/auth/verify 401 0.428 ms User: guest
[2025-05-26T18:23:48.744Z] POST /api/auth/logout 401 0.383 ms User: guest
[2025-05-26T18:23:48.751Z] POST /api/auth/logout 401 0.257 ms User: guest
[2025-05-26T19:06:47.704Z] GET /api/recipes 304 14.609 ms User: guest
[2025-05-26T19:06:47.762Z] GET /api/recipes 304 7.628 ms User: guest
[2025-05-26T20:22:39.583Z] GET /api/recipes 304 3.839 ms User: guest
[2025-05-26T20:22:39.591Z] GET /api/recipes 304 2.486 ms User: guest
[2025-05-26T20:24:51.212Z] GET /api/recipes 304 6.449 ms User: guest
[2025-05-26T20:24:51.226Z] GET /api/recipes 304 6.562 ms User: guest
[2025-05-26T21:12:38.784Z] POST /api/auth/login 200 82.401 ms User: guest
[2025-05-26T21:12:38.819Z] GET /api/recipes 304 8.096 ms User: guest
[2025-05-26T21:12:38.833Z] GET /api/recipes 304 5.670 ms User: guest
[2025-05-26T21:12:52.604Z] GET /api/recipes/favorites 401 0.413 ms User: guest
[2025-05-26T21:12:52.609Z] GET /api/recipes/favorites 401 0.581 ms User: guest
[2025-05-26T21:12:52.616Z] GET /api/recipes/favorites 401 0.256 ms User: guest
[2025-05-26T21:12:52.623Z] GET /api/recipes/favorites 401 0.255 ms User: guest
[2025-05-26T21:16:26.729Z] GET /api/recipes 304 6.969 ms User: guest
[2025-05-26T21:16:26.739Z] GET /api/recipes 304 5.995 ms User: guest
[2025-05-26T21:19:17.928Z] GET /api/recipes 304 5.008 ms User: guest
[2025-05-26T21:19:17.937Z] GET /api/recipes 304 4.704 ms User: guest
[2025-05-26T21:19:30.887Z] POST /api/auth/login 200 50.548 ms User: guest
[2025-05-26T21:19:30.917Z] GET /api/recipes 304 4.298 ms User: guest
[2025-05-26T21:19:30.925Z] GET /api/recipes 304 3.385 ms User: guest
[2025-05-26T21:19:53.422Z] GET /api/recipes/favorites 401 0.239 ms User: guest
[2025-05-26T21:19:53.427Z] GET /api/recipes/favorites 401 0.378 ms User: guest
[2025-05-26T21:19:53.433Z] GET /api/recipes/favorites 401 0.331 ms User: guest
[2025-05-26T21:19:53.438Z] GET /api/recipes/favorites 401 0.223 ms User: guest
[2025-05-26T21:20:20.453Z] POST /api/auth/login 200 91.519 ms User: guest
[2025-05-26T21:20:20.481Z] GET /api/recipes 304 6.060 ms User: guest
[2025-05-26T21:20:20.494Z] GET /api/recipes 304 5.853 ms User: guest
[2025-05-26T21:20:27.069Z] GET /api/favorites 500 0.831 ms User: guest
[2025-05-26T21:20:27.077Z] GET /api/favorites 500 0.357 ms User: guest
[2025-05-26T21:20:27.082Z] GET /api/favorites 500 0.446 ms User: guest
[2025-05-26T21:20:27.090Z] GET /api/favorites 500 0.434 ms User: guest
[2025-05-26T21:31:57.526Z] GET /api/favorites 500 0.767 ms User: guest
[2025-05-26T21:31:57.541Z] GET /api/auth/verify 401 0.427 ms User: guest
[2025-05-26T21:31:57.545Z] GET /api/favorites 500 0.433 ms User: guest
[2025-05-26T21:31:57.571Z] GET /api/auth/verify 401 0.403 ms User: guest
[2025-05-26T21:31:57.574Z] GET /api/favorites 500 0.724 ms User: guest
[2025-05-26T21:31:57.576Z] POST /api/auth/logout 401 0.219 ms User: guest
[2025-05-26T21:31:57.583Z] GET /api/favorites 500 0.364 ms User: guest
[2025-05-26T21:31:57.584Z] POST /api/auth/logout 401 0.251 ms User: guest
[2025-05-27T13:11:05.987Z] GET /api/recipes 304 9.695 ms User: guest
[2025-05-27T13:11:06.017Z] GET /api/recipes 304 7.191 ms User: guest
