[2025-06-02T21:05:39.761Z] GET /api/products 304 34.539 ms User: guest
[2025-06-02T21:05:46.194Z] GET /api/users/favorites 401 5.919 ms User: guest
[2025-06-02T21:05:46.215Z] GET /api/products 304 33.553 ms User: guest
[2025-06-02T21:05:54.219Z] GET /api/users/favorites 401 2.358 ms User: guest
[2025-06-02T21:05:54.229Z] GET /api/products/683bab7cba3417cc1f699dec 200 9.299 ms User: guest
[2025-06-02T21:07:08.881Z] POST /api/auth/login 401 145.684 ms User: guest
[2025-06-02T21:17:45.584Z] GET /api/products 304 24.447 ms User: guest
[2025-06-02T21:17:46.834Z] GET /api/users/favorites 401 7.956 ms User: guest
[2025-06-02T21:17:46.841Z] GET /api/products 304 36.259 ms User: guest
[2025-06-02T21:17:50.189Z] GET /api/users/favorites 401 4.604 ms User: guest
[2025-06-02T21:17:50.201Z] GET /api/products/683bab7cba3417cc1f699dec 304 9.621 ms User: guest
[2025-06-02T21:18:02.949Z] POST /api/auth/login 200 229.552 ms User: guest
[2025-06-02T21:18:03.051Z] GET /api/products 304 26.903 ms User: guest
[2025-06-02T21:18:06.153Z] GET /api/products 304 36.445 ms User: guest
[2025-06-02T21:18:06.179Z] GET /api/users/favorites 200 54.461 ms User: admingvbugy@luxefashionboutique.com
[2025-06-02T21:18:07.623Z] GET /api/products/683bab7cba3417cc1f699dec 304 7.682 ms User: guest
[2025-06-02T21:18:07.633Z] GET /api/users/favorites 304 22.676 ms User: admingvbugy@luxefashionboutique.com
[2025-06-02T21:18:34.299Z] GET /api/users/favorites 304 22.380 ms User: admingvbugy@luxefashionboutique.com
[2025-06-02T21:18:35.940Z] GET /api/products 304 29.635 ms User: guest
[2025-06-02T21:18:35.946Z] GET /api/users/favorites 304 41.058 ms User: admingvbugy@luxefashionboutique.com
[2025-06-02T21:18:37.805Z] POST /api/users/favorites/683bc5a4255467d50d3aa4f8 400 6.891 ms User: admingvbugy@luxefashionboutique.com
[2025-06-02T21:18:38.148Z] POST /api/users/favorites/683bc5a4255467d50d3aa4f8 400 7.258 ms User: admingvbugy@luxefashionboutique.com
[2025-06-02T21:21:05.156Z] GET /api/products/683bab7cba3417cc1f699dec 304 6.109 ms User: guest
[2025-06-02T21:21:05.163Z] GET /api/users/favorites 304 17.538 ms User: admingvbugy@luxefashionboutique.com
[2025-06-02T21:22:18.965Z] GET /api/auth/verify 304 9.261 ms User: johntester11@gmail.com
[2025-06-02T21:22:18.967Z] GET /api/products 304 14.441 ms User: guest
[2025-06-02T21:22:22.019Z] POST /api/users/register 500 15.673 ms User: guest
[2025-06-02T21:22:55.788Z] POST /api/auth/register 400 5.146 ms User: guest
[2025-06-02T21:23:57.522Z] POST /api/auth/register 201 215.100 ms User: guest
[2025-06-02T21:23:57.553Z] GET /api/users/profile 200 11.681 ms User: testuser1748899437220@example.com
[2025-06-02T21:23:57.572Z] GET /api/users/favorites 200 12.325 ms User: testuser1748899437220@example.com
[2025-06-02T21:23:57.598Z] GET /api/products 200 19.982 ms User: guest
[2025-06-02T21:24:18.691Z] POST /api/create-sample-products 200 98.713 ms User: guest
[2025-06-02T21:24:25.694Z] POST /api/auth/register 201 167.729 ms User: guest
[2025-06-02T21:24:25.730Z] GET /api/users/profile 200 15.002 ms User: testuser1748899465427@example.com
[2025-06-02T21:24:25.753Z] GET /api/users/favorites 200 12.400 ms User: testuser1748899465427@example.com
[2025-06-02T21:24:25.787Z] GET /api/products 200 27.872 ms User: guest
[2025-06-02T21:24:31.868Z] GET /api/products 200 19.948 ms User: guest
[2025-06-02T21:24:49.799Z] POST /api/auth/register 201 166.999 ms User: guest
[2025-06-02T21:24:49.817Z] GET /api/users/profile 200 6.091 ms User: testuser1748899489546@example.com
[2025-06-02T21:24:49.828Z] GET /api/users/favorites 200 5.182 ms User: testuser1748899489546@example.com
[2025-06-02T21:24:49.843Z] GET /api/products 200 11.658 ms User: guest
[2025-06-02T21:24:49.862Z] POST /api/users/favorites/683e1682b4a24c3f27617f00 200 13.433 ms User: testuser1748899489546@example.com
[2025-06-02T21:24:49.876Z] GET /api/users/favorites 200 9.731 ms User: testuser1748899489546@example.com
[2025-06-02T21:24:49.887Z] POST /api/users/favorites/683e1682b4a24c3f27617f00 400 7.046 ms User: testuser1748899489546@example.com
[2025-06-02T21:25:29.417Z] POST /api/auth/login 401 131.673 ms User: guest
[2025-06-02T21:25:54.092Z] POST /api/auth/register 201 181.435 ms User: guest
[2025-06-02T21:25:54.128Z] GET /api/products 200 17.286 ms User: guest
[2025-06-02T21:25:54.151Z] POST /api/users/favorites/683e1682b4a24c3f27617f00 200 14.595 ms User: toggletest1748899553806@example.com
[2025-06-02T21:25:54.168Z] POST /api/users/favorites/683e1682b4a24c3f27617f00 400 8.034 ms User: toggletest1748899553806@example.com
[2025-06-02T21:25:54.188Z] POST /api/users/favorites/683e1682b4a24c3f27617f00 400 10.295 ms User: toggletest1748899553806@example.com
[2025-06-02T21:28:47.614Z] POST /api/auth/register 201 161.356 ms User: guest
[2025-06-02T21:28:47.642Z] GET /api/products 200 17.841 ms User: guest
[2025-06-02T21:28:47.664Z] POST /api/users/favorites/683e1682b4a24c3f27617f00 200 16.841 ms User: toggletest1748899727363@example.com
[2025-06-02T21:28:47.684Z] POST /api/users/favorites/683e1682b4a24c3f27617f00 200 14.401 ms User: toggletest1748899727363@example.com
[2025-06-02T21:28:47.697Z] POST /api/users/favorites/683e1682b4a24c3f27617f00 200 8.829 ms User: toggletest1748899727363@example.com
[2025-06-02T21:29:14.102Z] GET /api/products 200 17.573 ms User: guest
[2025-06-02T21:29:33.275Z] POST /api/auth/login 200 177.417 ms User: guest
[2025-06-02T21:29:33.364Z] GET /api/products 304 30.681 ms User: guest
[2025-06-02T21:29:47.385Z] GET /api/orders/myorders 304 13.179 ms User: johntester11@gmail.com
[2025-06-02T21:29:51.988Z] GET /api/users/favorites 200 27.099 ms User: johntester11@gmail.com
[2025-06-02T21:29:53.453Z] GET /api/users/favorites 304 20.530 ms User: johntester11@gmail.com
[2025-06-02T21:29:53.475Z] GET /api/products 304 26.830 ms User: guest
[2025-06-02T21:30:11.026Z] POST /api/users/favorites/683bc5a4255467d50d3aa4e6 200 15.528 ms User: johntester11@gmail.com
[2025-06-02T21:30:18.466Z] GET /api/users/favorites 200 24.731 ms User: johntester11@gmail.com
[2025-06-02T21:30:43.308Z] DELETE /api/users/favorites 401 10.085 ms User: johntester11@gmail.com
[2025-06-02T21:31:35.084Z] GET /api/users/favorites 200 9.204 ms User: johntester11@gmail.com
[2025-06-02T21:37:46.263Z] GET /api/products 200 22.266 ms User: guest
[2025-06-02T21:37:46.296Z] POST /api/create-sample-products 200 13.518 ms User: guest
[2025-06-02T21:37:46.316Z] GET /api/products 200 13.138 ms User: guest
[2025-06-02T21:38:19.379Z] POST /api/auth/login 200 114.168 ms User: guest
[2025-06-02T21:38:51.535Z] POST /api/auth/login 200 132.676 ms User: guest
[2025-06-02T21:39:22.558Z] POST /api/auth/login 200 103.236 ms User: guest
[2025-06-02T21:39:22.576Z] GET /api/users/favorites 200 8.889 ms User: test@example.com
[2025-06-02T21:39:22.594Z] GET /api/products 200 12.192 ms User: guest
[2025-06-02T21:39:22.607Z] POST /api/users/favorites/683e1682b4a24c3f27617f00 200 8.064 ms User: test@example.com
[2025-06-02T21:39:22.621Z] GET /api/users/favorites 200 8.778 ms User: test@example.com
[2025-06-02T21:39:22.635Z] POST /api/users/favorites/683e1682b4a24c3f27617f00 200 9.582 ms User: test@example.com
[2025-06-02T21:39:22.645Z] GET /api/users/favorites 200 6.128 ms User: test@example.com
[2025-06-02T21:39:35.974Z] GET /api/auth/verify 304 11.616 ms User: johntester11@gmail.com
[2025-06-02T21:39:35.983Z] GET /api/users/favorites 304 28.176 ms User: johntester11@gmail.com
[2025-06-02T21:39:54.431Z] POST /api/auth/login 200 176.346 ms User: guest
[2025-06-02T21:39:54.539Z] GET /api/products 304 23.845 ms User: guest
[2025-06-02T21:40:12.196Z] GET /api/users/favorites 304 14.262 ms User: johntester11@gmail.com
[2025-06-02T21:40:20.305Z] GET /api/products/683bc5a4255467d50d3aa4e6 200 15.029 ms User: guest
[2025-06-02T21:40:20.324Z] GET /api/users/favorites 304 28.093 ms User: johntester11@gmail.com
[2025-06-02T21:45:14.215Z] GET /api/products 200 16.174 ms User: guest
[2025-06-02T21:45:14.360Z] POST /api/auth/login 200 130.496 ms User: guest
[2025-06-02T21:45:14.372Z] GET /api/users/favorites 200 7.973 ms User: test@example.com
[2025-06-02T21:45:14.377Z] GET /api/users/favorites 401 0.531 ms User: guest
[2025-06-02T21:45:14.397Z] GET /api/products 200 15.346 ms User: guest
[2025-06-02T21:45:14.412Z] POST /api/users/favorites/683e1682b4a24c3f27617f00 200 11.188 ms User: test@example.com
[2025-06-02T21:47:02.768Z] GET /api/products 304 18.939 ms User: guest
[2025-06-02T21:51:31.330Z] GET /api/products 200 10.385 ms User: guest
[2025-06-02T22:12:32.557Z] GET /api/auth/verify 304 17.337 ms User: johntester11@gmail.com
[2025-06-02T22:12:32.562Z] GET /api/products 200 26.212 ms User: guest
[2025-06-02T22:12:37.415Z] GET /api/products 304 12.083 ms User: guest
[2025-06-02T22:12:53.800Z] GET /api/products 304 14.160 ms User: guest
[2025-06-02T22:12:55.921Z] GET /api/products/683e1682b4a24c3f27617eea 200 6.938 ms User: guest
[2025-06-02T22:14:16.727Z] GET /api/products 304 19.616 ms User: guest
[2025-06-02T22:14:19.104Z] GET /api/products/683e1682b4a24c3f27617ef5 200 4.032 ms User: guest
[2025-06-02T22:14:21.706Z] GET /api/products 304 25.213 ms User: guest
[2025-06-02T22:14:35.931Z] GET /api/products/683bc5a4255467d50d3aa4dc 200 6.439 ms User: guest
[2025-06-02T22:14:38.554Z] GET /api/products 304 15.997 ms User: guest
[2025-06-02T22:14:42.723Z] GET /api/products/683bab7cba3417cc1f699df8 200 5.433 ms User: guest
[2025-06-02T22:14:49.728Z] GET /api/products 304 15.576 ms User: guest
[2025-06-02T22:15:18.777Z] GET /api/products 200 9.979 ms User: guest
[2025-06-02T22:15:39.040Z] GET /api/products 304 18.982 ms User: guest
[2025-06-02T22:15:57.263Z] GET /api/products/683bc5a3255467d50d3aa4c5 304 4.756 ms User: guest
[2025-06-02T22:16:33.081Z] GET /api/products/683bc5a3255467d50d3aa4c5 304 4.181 ms User: guest
[2025-06-02T22:16:49.593Z] GET /api/products/683bc5a3255467d50d3aa4c5 304 6.883 ms User: guest
[2025-06-02T22:16:52.337Z] GET /api/products/683bc5a3255467d50d3aa4c5 304 4.249 ms User: guest
[2025-06-02T22:17:07.572Z] GET /api/products/683bc5a3255467d50d3aa4c5 304 2.937 ms User: guest
[2025-06-02T22:17:09.587Z] GET /api/products/683bc5a3255467d50d3aa4c5 304 5.555 ms User: guest
[2025-06-02T22:17:12.005Z] GET /api/products/683bc5a3255467d50d3aa4c5 304 4.357 ms User: guest
[2025-06-02T22:17:19.602Z] GET /api/products/683bc5a3255467d50d3aa4c5 304 9.039 ms User: guest
[2025-06-02T22:17:21.544Z] GET /api/products/683bc5a3255467d50d3aa4c5 304 5.267 ms User: guest
[2025-06-02T22:17:24.779Z] GET /api/products/683bc5a3255467d50d3aa4c5 304 2.929 ms User: guest
[2025-06-02T22:17:41.580Z] GET /api/products/683bc5a3255467d50d3aa4c5 304 4.357 ms User: guest
[2025-06-02T22:18:09.667Z] GET /api/products 200 9.888 ms User: guest
[2025-06-02T22:18:09.684Z] POST /api/products/683e1682b4a24c3f27617f00/reviews 401 1.011 ms User: guest
[2025-06-02T22:18:16.576Z] GET /api/products/683bc5a3255467d50d3aa4c5 304 3.666 ms User: guest
[2025-06-02T22:18:19.672Z] GET /api/products/683bc5a3255467d50d3aa4c5 304 4.172 ms User: guest
[2025-06-02T22:18:30.423Z] GET /api/products 304 16.079 ms User: guest
[2025-06-02T22:18:34.419Z] GET /api/products/683bc5a4255467d50d3aa4f8 304 4.803 ms User: guest
[2025-06-02T22:18:43.786Z] GET /api/products/683bc5a4255467d50d3aa4f8 304 6.103 ms User: guest
[2025-06-02T22:18:54.589Z] POST /api/auth/login 200 173.470 ms User: guest
[2025-06-02T22:18:54.687Z] GET /api/products 304 13.132 ms User: guest
[2025-06-02T22:19:01.174Z] GET /api/products 304 19.352 ms User: guest
[2025-06-02T22:19:01.176Z] GET /api/users/favorites 304 27.915 ms User: johntester11@gmail.com
[2025-06-02T22:19:03.225Z] GET /api/products/683bc5a4255467d50d3aa4f8 304 6.640 ms User: guest
[2025-06-02T22:19:03.227Z] GET /api/users/favorites 304 18.169 ms User: johntester11@gmail.com
[2025-06-02T22:19:12.850Z] GET /api/products 304 22.963 ms User: guest
[2025-06-02T22:19:12.854Z] GET /api/users/favorites 304 32.992 ms User: johntester11@gmail.com
[2025-06-02T22:19:47.878Z] GET /api/products 304 19.401 ms User: guest
[2025-06-02T22:19:47.881Z] GET /api/users/favorites 304 27.635 ms User: johntester11@gmail.com
[2025-06-02T22:19:51.718Z] GET /api/products 304 17.678 ms User: guest
[2025-06-02T22:19:51.722Z] GET /api/users/favorites 304 26.325 ms User: johntester11@gmail.com
[2025-06-02T22:21:08.518Z] GET /api/auth/verify 304 10.307 ms User: johntester11@gmail.com
[2025-06-02T22:21:22.164Z] GET /api/products 304 9.813 ms User: guest
[2025-06-02T22:22:03.026Z] GET /api/products 200 8.825 ms User: guest
[2025-06-02T22:22:13.344Z] GET /api/products 304 10.543 ms User: guest
[2025-06-02T22:22:19.361Z] GET /api/products 304 18.507 ms User: guest
[2025-06-02T22:22:20.957Z] GET /api/products/683e1682b4a24c3f27617ef5 200 5.440 ms User: guest
[2025-06-02T22:22:21.914Z] GET /api/products 304 17.475 ms User: guest
[2025-06-02T22:22:23.816Z] GET /api/products 304 15.786 ms User: guest
[2025-06-02T22:22:25.664Z] GET /api/products/683bc5a4255467d50d3aa4dc 304 4.878 ms User: guest
[2025-06-02T22:23:19.923Z] GET /api/products/683bc5a4255467d50d3aa4dc 304 4.188 ms User: guest
[2025-06-02T22:23:20.402Z] GET /api/products 304 12.618 ms User: guest
[2025-06-02T22:23:22.837Z] GET /api/products 304 11.460 ms User: guest
[2025-06-02T22:24:38.892Z] GET /api/products/683bc5a4255467d50d3aa4dc 200 5.952 ms User: guest
[2025-06-02T22:24:57.277Z] GET /api/products 200 16.797 ms User: guest
[2025-06-02T22:25:07.033Z] GET /api/products/683bc5a4255467d50d3aa4dc 304 4.343 ms User: guest
[2025-06-02T22:25:10.752Z] GET /api/products 200 21.797 ms User: guest
[2025-06-02T22:25:13.288Z] GET /api/products 304 14.244 ms User: guest
[2025-06-02T22:25:14.604Z] GET /api/products/683bc5a4255467d50d3aa4dc 304 6.256 ms User: guest
[2025-06-02T22:26:32.202Z] GET /api/products/683bc5a4255467d50d3aa4dc 200 4.145 ms User: guest
[2025-06-02T22:26:36.480Z] GET /api/products/683bc5a4255467d50d3aa4dc 304 4.045 ms User: guest
[2025-06-02T22:26:56.751Z] GET /api/products 200 16.184 ms User: guest
[2025-06-02T22:26:58.579Z] GET /api/products 304 14.397 ms User: guest
[2025-06-02T22:27:00.383Z] GET /api/products/683bc5a4255467d50d3aa4dc 304 5.229 ms User: guest
[2025-06-02T22:27:18.032Z] GET /api/products 304 8.603 ms User: guest
[2025-06-02T22:27:24.244Z] GET /api/products 304 19.201 ms User: guest
[2025-06-02T22:27:34.988Z] GET /api/products 200 8.970 ms User: guest
[2025-06-02T22:27:52.888Z] GET /api/products/683bc5a4255467d50d3aa4dc 304 3.405 ms User: guest
[2025-06-02T22:28:39.332Z] GET /api/products/683bc5a4255467d50d3aa4dc 304 4.933 ms User: guest
[2025-06-02T22:29:07.044Z] GET /api/products/683bc5a4255467d50d3aa4dc 200 3.993 ms User: guest
[2025-06-02T22:29:09.395Z] GET /api/products/683bc5a4255467d50d3aa4dc 304 7.568 ms User: guest
[2025-06-02T22:29:10.995Z] GET /api/products/683bc5a4255467d50d3aa4dc 304 4.185 ms User: guest
[2025-06-02T22:29:55.494Z] GET /api/products/683bc5a4255467d50d3aa4dc 200 4.086 ms User: guest
[2025-06-02T22:29:56.488Z] GET /api/products/683bc5a4255467d50d3aa4dc 304 2.600 ms User: guest
[2025-06-02T22:30:06.603Z] GET /api/products/683bc5a4255467d50d3aa4dc 304 3.647 ms User: guest
[2025-06-02T22:30:11.701Z] GET /api/products/683bc5a4255467d50d3aa4dc 304 4.817 ms User: guest
[2025-06-02T22:30:31.417Z] GET /api/products 200 8.215 ms User: guest
[2025-06-02T22:30:32.936Z] GET /api/products/683bc5a4255467d50d3aa4e6 304 2.405 ms User: guest
[2025-06-02T22:30:34.818Z] GET /api/products 304 15.921 ms User: guest
[2025-06-02T22:31:24.973Z] GET /api/products 200 12.207 ms User: guest
[2025-06-02T22:31:27.898Z] GET /api/products/683bc5a4255467d50d3aa4dc 200 3.216 ms User: guest
[2025-06-02T22:31:47.016Z] GET /api/products 304 10.349 ms User: guest
[2025-06-02T22:31:48.640Z] GET /api/products 304 11.396 ms User: guest
[2025-06-02T22:31:50.951Z] GET /api/products/683e1682b4a24c3f27617ef5 304 4.915 ms User: guest
[2025-06-02T22:31:57.856Z] POST /api/auth/login 200 120.864 ms User: guest
[2025-06-02T22:31:57.907Z] GET /api/products 304 11.424 ms User: guest
[2025-06-02T22:32:00.701Z] GET /api/users/favorites 304 11.527 ms User: johntester11@gmail.com
[2025-06-02T22:32:02.825Z] DELETE /api/users/favorites/683bc5a4255467d50d3aa4e6 200 17.810 ms User: johntester11@gmail.com
[2025-06-02T22:32:05.155Z] GET /api/users/favorites 200 9.776 ms User: johntester11@gmail.com
[2025-06-02T22:32:05.157Z] GET /api/products 304 8.096 ms User: guest
[2025-06-02T22:32:12.103Z] GET /api/products 304 15.938 ms User: guest
[2025-06-02T22:32:12.337Z] GET /api/products 304 19.242 ms User: guest
[2025-06-02T22:32:12.340Z] GET /api/users/favorites 304 18.214 ms User: johntester11@gmail.com
[2025-06-02T22:33:16.339Z] GET /api/products/683bc5a4255467d50d3aa4dc 304 3.933 ms User: guest
[2025-06-02T22:33:16.340Z] GET /api/users/favorites 304 7.591 ms User: johntester11@gmail.com
[2025-06-02T22:34:10.010Z] GET /api/products/683bc5a4255467d50d3aa4dc 200 6.089 ms User: guest
[2025-06-02T22:34:10.013Z] GET /api/users/favorites 304 16.761 ms User: johntester11@gmail.com
[2025-06-02T22:34:11.273Z] GET /api/products/683bc5a4255467d50d3aa4dc 304 2.558 ms User: guest
[2025-06-02T22:34:11.274Z] GET /api/users/favorites 304 6.508 ms User: johntester11@gmail.com
[2025-06-02T22:34:32.382Z] GET /api/products/683bc5a4255467d50d3aa4dc 304 3.339 ms User: guest
[2025-06-02T22:34:32.383Z] GET /api/users/favorites 304 6.897 ms User: johntester11@gmail.com
[2025-06-02T22:34:36.364Z] GET /api/products 200 9.729 ms User: guest
[2025-06-02T22:34:38.298Z] GET /api/products 304 17.022 ms User: guest
[2025-06-02T22:34:38.302Z] GET /api/users/favorites 304 17.281 ms User: johntester11@gmail.com
[2025-06-02T22:34:39.526Z] GET /api/users/favorites 304 11.007 ms User: johntester11@gmail.com
[2025-06-02T22:34:39.534Z] GET /api/products/683e1682b4a24c3f27617ef5 304 6.157 ms User: guest
[2025-06-02T22:34:40.383Z] GET /api/products 304 17.268 ms User: guest
[2025-06-02T22:35:10.582Z] GET /api/users/favorites 304 13.978 ms User: johntester11@gmail.com
[2025-06-02T22:35:10.584Z] GET /api/products 304 12.194 ms User: guest
[2025-06-02T22:35:13.815Z] GET /api/products 304 6.451 ms User: guest
[2025-06-02T22:35:18.610Z] GET /api/products 304 18.136 ms User: guest
[2025-06-02T22:35:35.453Z] GET /api/products 304 13.916 ms User: guest
[2025-06-02T22:35:42.606Z] GET /api/products 304 16.123 ms User: guest
[2025-06-02T22:35:44.288Z] GET /api/users/favorites 304 19.740 ms User: johntester11@gmail.com
[2025-06-02T22:35:44.291Z] GET /api/products 304 17.883 ms User: guest
[2025-06-02T22:35:46.849Z] GET /api/products/683bc5a4255467d50d3aa4f8 304 5.683 ms User: guest
[2025-06-02T22:35:46.851Z] GET /api/users/favorites 304 11.529 ms User: johntester11@gmail.com
[2025-06-02T22:37:33.760Z] GET /api/products/683bc5a4255467d50d3aa4f8 304 7.739 ms User: guest
[2025-06-02T22:37:33.762Z] GET /api/auth/verify 304 7.635 ms User: johntester11@gmail.com
[2025-06-02T22:37:33.783Z] GET /api/users/favorites 304 6.990 ms User: johntester11@gmail.com
[2025-06-02T22:37:35.369Z] GET /api/products 304 16.729 ms User: guest
[2025-06-02T22:37:37.496Z] GET /api/products 304 16.707 ms User: guest
[2025-06-02T22:37:39.210Z] GET /api/products 304 17.224 ms User: guest
[2025-06-02T22:37:41.576Z] GET /api/products 304 10.532 ms User: guest
[2025-06-02T22:37:43.628Z] GET /api/products 304 14.494 ms User: guest
[2025-06-02T22:37:46.262Z] GET /api/products/683bc5a4255467d50d3aa4f8 304 6.254 ms User: guest
[2025-06-02T22:38:15.546Z] GET /api/products 304 16.367 ms User: guest
[2025-06-02T22:38:17.034Z] GET /api/products 304 16.908 ms User: guest
[2025-06-02T22:38:19.804Z] GET /api/products/683bc5a3255467d50d3aa4c5 304 3.024 ms User: guest
[2025-06-02T22:38:28.099Z] POST /api/auth/login 200 109.536 ms User: guest
[2025-06-02T22:38:28.147Z] GET /api/products 304 12.106 ms User: guest
[2025-06-02T22:38:29.313Z] GET /api/products 304 10.487 ms User: guest
[2025-06-02T22:38:29.315Z] GET /api/users/favorites 304 10.046 ms User: johntester11@gmail.com
[2025-06-02T22:38:30.682Z] GET /api/users/favorites 304 13.026 ms User: johntester11@gmail.com
[2025-06-02T22:38:30.684Z] GET /api/products/683e1682b4a24c3f27617ef5 304 5.443 ms User: guest
[2025-06-02T22:38:32.900Z] GET /api/users/favorites 304 17.841 ms User: johntester11@gmail.com
[2025-06-02T22:38:32.903Z] GET /api/products 304 16.681 ms User: guest
[2025-06-02T22:38:34.336Z] GET /api/products/683bc5a3255467d50d3aa4c5 304 8.880 ms User: guest
[2025-06-02T22:38:34.342Z] GET /api/users/favorites 304 21.246 ms User: johntester11@gmail.com
[2025-06-02T22:38:42.338Z] POST /api/products/683bc5a3255467d50d3aa4c5/reviews 500 6.797 ms User: johntester11@gmail.com
[2025-06-02T22:39:53.060Z] GET /api/products/683bc5a3255467d50d3aa4c5 304 5.771 ms User: guest
[2025-06-02T22:39:53.062Z] GET /api/auth/verify 304 5.137 ms User: johntester11@gmail.com
[2025-06-02T22:39:53.074Z] GET /api/users/favorites 304 4.904 ms User: johntester11@gmail.com
[2025-06-02T22:39:55.048Z] GET /api/products 304 15.975 ms User: guest
[2025-06-02T22:39:56.890Z] GET /api/products 304 14.957 ms User: guest
[2025-06-02T22:39:59.345Z] GET /api/products/683bc5a4255467d50d3aa4f8 304 5.585 ms User: guest
[2025-06-02T22:40:16.589Z] GET /api/products/683bc5a4255467d50d3aa4f8 200 5.736 ms User: guest
[2025-06-02T22:40:23.975Z] GET /api/products 200 13.379 ms User: guest
[2025-06-02T22:40:25.270Z] GET /api/products 304 12.340 ms User: guest
[2025-06-02T22:40:26.426Z] GET /api/products/683bc5a4255467d50d3aa4f8 304 3.194 ms User: guest
[2025-06-02T22:40:27.365Z] GET /api/products 304 5.962 ms User: guest
[2025-06-02T22:40:32.421Z] GET /api/products 304 16.047 ms User: guest
[2025-06-02T22:41:09.187Z] GET /api/products 304 8.580 ms User: guest
[2025-06-02T22:41:17.948Z] GET /api/products 304 19.947 ms User: guest
[2025-06-02T22:41:39.064Z] POST /api/auth/register 201 117.125 ms User: guest
[2025-06-02T22:41:39.137Z] GET /api/products 304 14.838 ms User: guest
[2025-06-02T22:41:51.739Z] POST /api/auth/forgot-password 500 502.082 ms User: guest
[2025-06-02T22:42:01.655Z] POST /api/auth/forgot-password 500 369.449 ms User: guest
[2025-06-02T22:42:22.231Z] GET /api/products 200 21.140 ms User: guest
[2025-06-02T22:42:24.046Z] POST /api/auth/login 200 118.272 ms User: guest
[2025-06-02T22:42:24.104Z] GET /api/products 304 13.866 ms User: guest
[2025-06-02T22:42:30.373Z] GET /api/users/favorites 304 9.195 ms User: topoopilike@gmail.com
[2025-06-02T22:42:32.471Z] GET /api/orders/myorders 304 7.212 ms User: topoopilike@gmail.com
[2025-06-02T22:42:34.792Z] GET /api/orders/myorders 304 12.486 ms User: topoopilike@gmail.com
[2025-06-02T22:42:40.130Z] GET /api/users/favorites 304 24.391 ms User: topoopilike@gmail.com
[2025-06-02T22:42:40.136Z] GET /api/products 304 26.075 ms User: guest
[2025-06-02T22:42:44.867Z] GET /api/orders/myorders 304 12.607 ms User: topoopilike@gmail.com
[2025-06-02T22:42:47.407Z] GET /api/users/favorites 304 19.153 ms User: topoopilike@gmail.com
[2025-06-02T22:42:47.412Z] GET /api/products 304 20.432 ms User: guest
[2025-06-02T22:42:48.736Z] GET /api/users/favorites 304 11.718 ms User: topoopilike@gmail.com
[2025-06-02T22:42:48.739Z] GET /api/products/683bc5a4255467d50d3aa4f8 200 4.654 ms User: guest
[2025-06-02T22:42:57.532Z] GET /api/products/683bc5a4255467d50d3aa4f8 304 5.554 ms User: guest
[2025-06-02T22:42:57.550Z] GET /api/auth/verify 200 10.626 ms User: topoopilike@gmail.com
[2025-06-02T22:42:57.557Z] GET /api/users/favorites 304 11.372 ms User: topoopilike@gmail.com
[2025-06-02T22:42:59.676Z] GET /api/products 304 13.480 ms User: guest
[2025-06-02T22:43:01.301Z] GET /api/products 304 17.757 ms User: guest
[2025-06-02T22:43:04.914Z] GET /api/products/683bc5a4255467d50d3aa4f8 304 6.896 ms User: guest
[2025-06-02T22:43:09.919Z] GET /api/products 304 9.199 ms User: guest
[2025-06-02T22:43:10.223Z] GET /api/products 304 14.104 ms User: guest
[2025-06-02T22:43:11.614Z] GET /api/products/683bc5a4255467d50d3aa4f8 304 6.030 ms User: guest
[2025-06-02T22:43:15.120Z] GET /api/products 304 13.692 ms User: guest
[2025-06-02T22:43:18.678Z] GET /api/products 304 14.310 ms User: guest
[2025-06-02T22:43:28.836Z] GET /api/products 304 16.157 ms User: guest
[2025-06-02T22:43:31.821Z] GET /api/products 304 19.050 ms User: guest
[2025-06-02T22:43:39.952Z] POST /api/auth/forgot-password 200 4.874 ms User: guest
[2025-06-02T22:43:47.267Z] POST /api/auth/forgot-password 500 379.180 ms User: guest
[2025-06-02T22:46:28.620Z] POST /api/auth/forgot-password 500 343.988 ms User: guest
[2025-06-02T22:47:15.386Z] POST /api/auth/forgot-password 500 364.800 ms User: guest
[2025-06-02T22:48:11.290Z] GET /api/auth/verify 200 4.737 ms User: admingvbugy@luxefashionboutique.com
[2025-06-02T22:48:19.341Z] POST /api/auth/forgot-password 500 354.137 ms User: guest
[2025-06-02T22:48:22.879Z] GET /api/auth/verify 401 0.759 ms User: guest
[2025-06-02T22:48:23.221Z] POST /api/auth/forgot-password 500 332.330 ms User: guest
[2025-06-02T22:49:18.862Z] POST /api/auth/forgot-password 200 31.453 ms User: guest
[2025-06-02T22:49:26.744Z] POST /api/auth/forgot-password 200 13.868 ms User: guest
[2025-06-02T22:50:02.849Z] GET /api/products 304 49.006 ms User: guest
[2025-06-02T22:50:16.904Z] POST /api/auth/forgot-password 200 3.461 ms User: guest
[2025-06-02T22:50:20.364Z] POST /api/auth/forgot-password 200 3.357 ms User: guest
[2025-06-02T22:50:22.737Z] POST /api/auth/forgot-password 200 3.076 ms User: guest
[2025-06-02T22:50:37.435Z] POST /api/auth/login 401 62.011 ms User: guest
[2025-06-02T22:51:22.799Z] POST /api/auth/reset-password 200 88.865 ms User: guest
[2025-06-02T22:51:28.674Z] POST /api/auth/login 200 85.691 ms User: guest
[2025-06-02T22:51:28.697Z] GET /api/products 304 12.455 ms User: guest
[2025-06-02T22:51:42.297Z] GET /api/products 304 10.392 ms User: guest
[2025-06-02T22:51:43.634Z] GET /api/products 304 14.723 ms User: guest
[2025-06-02T22:51:43.641Z] GET /api/users/favorites 304 20.127 ms User: topoopilike@gmail.com
[2025-06-02T22:51:44.379Z] GET /api/products/683bc5a4255467d50d3aa4dc 200 5.527 ms User: guest
[2025-06-02T22:51:44.381Z] GET /api/users/favorites 304 10.942 ms User: topoopilike@gmail.com
[2025-06-02T22:51:48.290Z] GET /api/products/683bc5a4255467d50d3aa4dc 304 3.244 ms User: guest
[2025-06-02T22:51:48.291Z] GET /api/users/favorites 304 6.922 ms User: topoopilike@gmail.com
[2025-06-02T22:51:54.540Z] POST /api/products/683bc5a4255467d50d3aa4dc/reviews 201 12.539 ms User: topoopilike@gmail.com
[2025-06-02T22:51:54.546Z] GET /api/products/683bc5a4255467d50d3aa4dc 200 2.444 ms User: guest
[2025-06-02T22:51:58.462Z] GET /api/products/683bc5a4255467d50d3aa4dc 304 7.687 ms User: guest
[2025-06-02T22:51:58.466Z] GET /api/auth/verify 200 7.682 ms User: topoopilike@gmail.com
[2025-06-02T22:51:58.468Z] GET /api/users/favorites 304 11.911 ms User: topoopilike@gmail.com
[2025-06-02T22:52:03.699Z] POST /api/auth/login 200 54.040 ms User: guest
[2025-06-02T22:52:03.716Z] GET /api/products 200 7.078 ms User: guest
[2025-06-02T22:52:11.935Z] GET /api/users/favorites 304 7.296 ms User: topoopilike@gmail.com
[2025-06-02T22:52:11.936Z] GET /api/products 304 6.543 ms User: guest
[2025-06-02T22:52:12.987Z] GET /api/products/683bc5a4255467d50d3aa4f8 304 2.186 ms User: guest
[2025-06-02T22:52:12.987Z] GET /api/users/favorites 304 5.629 ms User: topoopilike@gmail.com
[2025-06-02T22:52:17.177Z] POST /api/products/683bc5a4255467d50d3aa4f8/reviews 201 6.337 ms User: topoopilike@gmail.com
[2025-06-02T22:52:17.183Z] GET /api/products/683bc5a4255467d50d3aa4f8 200 2.466 ms User: guest
[2025-06-02T22:52:22.067Z] GET /api/auth/verify 304 3.867 ms User: topoopilike@gmail.com
[2025-06-02T22:52:22.069Z] GET /api/products/683bc5a4255467d50d3aa4f8 304 4.235 ms User: guest
[2025-06-02T22:52:22.070Z] GET /api/users/favorites 304 8.694 ms User: topoopilike@gmail.com
[2025-06-02T22:53:18.954Z] GET /api/products 200 6.266 ms User: guest
[2025-06-02T22:53:22.667Z] POST /api/auth/login 200 54.111 ms User: guest
[2025-06-02T22:53:22.689Z] GET /api/products 304 9.087 ms User: guest
[2025-06-02T22:53:25.685Z] GET /api/products 304 11.916 ms User: guest
[2025-06-02T22:53:25.687Z] GET /api/users/favorites 304 11.817 ms User: topoopilike@gmail.com
[2025-06-02T22:53:28.588Z] GET /api/users/favorites 304 8.831 ms User: topoopilike@gmail.com
[2025-06-02T22:53:28.590Z] GET /api/products 304 8.272 ms User: guest
[2025-06-02T22:53:30.894Z] GET /api/products/683bc5a4255467d50d3aa4d0 200 4.145 ms User: guest
[2025-06-02T22:53:30.896Z] GET /api/users/favorites 304 5.104 ms User: topoopilike@gmail.com
[2025-06-02T22:53:34.549Z] GET /api/products 304 10.238 ms User: guest
[2025-06-02T22:53:37.943Z] POST /api/auth/login 200 83.654 ms User: guest
[2025-06-02T22:53:37.964Z] GET /api/products 304 9.633 ms User: guest
[2025-06-02T22:55:05.537Z] GET /api/auth/verify 304 3.315 ms User: topoopilike@gmail.com
[2025-06-02T22:55:05.542Z] GET /api/products 304 5.714 ms User: guest
[2025-06-02T22:55:05.542Z] GET /api/auth/verify 304 2.449 ms User: topoopilike@gmail.com
[2025-06-02T22:55:18.526Z] GET /api/products 304 8.882 ms User: guest
[2025-06-02T22:55:55.556Z] GET /api/products 304 14.438 ms User: guest
[2025-06-02T22:56:08.598Z] GET /api/users/favorites 304 18.747 ms User: topoopilike@gmail.com
[2025-06-02T22:56:08.604Z] GET /api/products 304 18.694 ms User: guest
[2025-06-02T22:56:09.956Z] GET /api/users/favorites 304 9.607 ms User: topoopilike@gmail.com
[2025-06-02T22:56:09.958Z] GET /api/products/683e1682b4a24c3f27617ef5 200 3.775 ms User: guest
[2025-06-02T22:56:14.169Z] POST /api/products/683e1682b4a24c3f27617ef5/reviews 201 11.100 ms User: topoopilike@gmail.com
[2025-06-02T22:56:14.207Z] GET /api/products/683e1682b4a24c3f27617ef5 200 4.075 ms User: guest
[2025-06-02T22:56:20.049Z] GET /api/products/683e1682b4a24c3f27617ef5 304 5.351 ms User: guest
[2025-06-02T22:56:20.051Z] GET /api/users/favorites 304 10.602 ms User: topoopilike@gmail.com
[2025-06-02T22:56:23.020Z] POST /api/products/683e1682b4a24c3f27617ef5/reviews 400 6.284 ms User: topoopilike@gmail.com
[2025-06-02T22:56:25.962Z] POST /api/products/683e1682b4a24c3f27617ef5/reviews 400 5.503 ms User: topoopilike@gmail.com
[2025-06-02T22:56:33.716Z] GET /api/products 200 9.177 ms User: guest
[2025-06-02T22:56:35.954Z] GET /api/products 200 10.143 ms User: guest
[2025-06-02T22:56:41.749Z] GET /api/products 200 9.532 ms User: guest
[2025-06-02T22:56:44.811Z] POST /api/auth/register 201 99.649 ms User: guest
[2025-06-02T22:56:44.854Z] GET /api/products 304 13.103 ms User: guest
[2025-06-02T22:56:47.920Z] GET /api/products 304 17.336 ms User: guest
[2025-06-02T22:56:47.922Z] GET /api/users/favorites 304 15.885 ms User: topoopilikee@gmail.com
[2025-06-02T22:56:49.402Z] GET /api/products/683e1682b4a24c3f27617ef5 304 3.767 ms User: guest
[2025-06-02T22:56:49.403Z] GET /api/users/favorites 304 8.378 ms User: topoopilikee@gmail.com
[2025-06-02T22:56:52.944Z] POST /api/products/683e1682b4a24c3f27617ef5/reviews 201 11.736 ms User: topoopilikee@gmail.com
[2025-06-02T22:56:52.951Z] GET /api/products/683e1682b4a24c3f27617ef5 200 3.035 ms User: guest
[2025-06-02T22:56:55.375Z] POST /api/products/683e1682b4a24c3f27617ef5/reviews 400 5.151 ms User: topoopilikee@gmail.com
[2025-06-02T22:57:22.425Z] POST /api/products/683e1682b4a24c3f27617ef5/reviews 400 3.263 ms User: topoopilikee@gmail.com
[2025-06-02T22:57:32.201Z] GET /api/users/favorites 304 3.941 ms User: topoopilikee@gmail.com
[2025-06-02T22:57:34.122Z] GET /api/products 200 9.042 ms User: guest
[2025-06-02T22:57:38.620Z] GET /api/products 304 6.372 ms User: guest
[2025-06-02T22:58:57.373Z] GET /api/users/favorites 304 7.156 ms User: topoopilikee@gmail.com
[2025-06-02T22:58:57.374Z] GET /api/products 304 6.300 ms User: guest
[2025-06-02T22:58:59.160Z] GET /api/products 304 5.129 ms User: guest
[2025-06-02T22:59:41.532Z] GET /api/products 304 5.215 ms User: guest
[2025-06-02T23:01:38.131Z] GET /api/products 304 8.229 ms User: guest
[2025-06-02T23:01:50.716Z] GET /api/products 304 6.021 ms User: guest
[2025-06-02T23:02:17.915Z] GET /api/products 304 5.924 ms User: guest
[2025-06-02T23:02:38.345Z] GET /api/users/favorites 304 9.328 ms User: topoopilikee@gmail.com
[2025-06-02T23:02:38.348Z] GET /api/products 304 8.868 ms User: guest
[2025-06-02T23:02:39.927Z] GET /api/products/683e1682b4a24c3f27617eea 200 3.555 ms User: guest
[2025-06-02T23:02:39.929Z] GET /api/users/favorites 304 7.460 ms User: topoopilikee@gmail.com
[2025-06-02T23:02:40.882Z] GET /api/products 304 7.563 ms User: guest
[2025-06-02T23:02:56.092Z] GET /api/products 304 8.705 ms User: guest
[2025-06-02T23:04:55.924Z] GET /api/products 304 5.257 ms User: guest
[2025-06-02T23:05:12.625Z] GET /api/products 304 6.833 ms User: guest
[2025-06-02T23:06:48.785Z] GET /api/products 304 6.209 ms User: guest
[2025-06-02T23:06:49.220Z] GET /api/products 304 7.185 ms User: guest
[2025-06-02T23:06:49.532Z] GET /api/products 304 5.980 ms User: guest
[2025-06-02T23:06:58.672Z] GET /api/products 304 8.682 ms User: guest
[2025-06-02T23:06:58.823Z] GET /api/products 304 10.899 ms User: guest
[2025-06-02T23:06:59.526Z] GET /api/products 304 8.032 ms User: guest
[2025-06-02T23:07:22.675Z] GET /api/products 304 5.056 ms User: guest
[2025-06-02T23:07:22.793Z] GET /api/products 304 4.523 ms User: guest
[2025-06-02T23:07:23.531Z] GET /api/products 304 6.026 ms User: guest
[2025-06-02T23:08:42.474Z] GET /api/products 304 4.640 ms User: guest
[2025-06-02T23:19:01.940Z] GET /api/products 304 8.782 ms User: guest
[2025-06-02T23:19:10.978Z] GET /api/products 304 6.653 ms User: guest
[2025-06-02T23:19:17.242Z] GET /api/products 304 9.004 ms User: guest
[2025-06-02T23:19:20.917Z] GET /api/products/683e1682b4a24c3f27617ef5 304 2.478 ms User: guest
[2025-06-02T23:19:20.918Z] GET /api/users/favorites 304 5.772 ms User: topoopilikee@gmail.com
[2025-06-02T23:20:08.472Z] GET /api/products 304 4.930 ms User: guest
[2025-06-02T23:20:19.990Z] GET /api/products 304 8.118 ms User: guest
[2025-06-02T23:20:19.991Z] GET /api/users/favorites 304 7.362 ms User: topoopilikee@gmail.com
[2025-06-02T23:20:23.538Z] GET /api/products 304 8.082 ms User: guest
[2025-06-02T23:20:25.739Z] GET /api/users/favorites 304 8.161 ms User: topoopilikee@gmail.com
[2025-06-02T23:20:25.741Z] GET /api/products 304 7.796 ms User: guest
[2025-06-02T23:20:35.079Z] GET /api/products 304 7.133 ms User: guest
[2025-06-02T23:21:13.893Z] GET /api/products 304 6.986 ms User: guest
[2025-06-02T23:21:18.704Z] GET /api/products 304 14.014 ms User: guest
[2025-06-02T23:21:18.706Z] GET /api/users/favorites 304 13.401 ms User: topoopilikee@gmail.com
[2025-06-02T23:21:19.749Z] GET /api/products 304 6.513 ms User: guest
[2025-06-02T23:21:20.350Z] GET /api/users/favorites 304 9.030 ms User: topoopilikee@gmail.com
[2025-06-02T23:21:20.352Z] GET /api/products 304 8.167 ms User: guest
[2025-06-02T23:21:21.429Z] GET /api/products 304 6.383 ms User: guest
[2025-06-02T23:21:22.372Z] GET /api/users/favorites 304 8.222 ms User: topoopilikee@gmail.com
[2025-06-02T23:21:22.374Z] GET /api/products 304 7.847 ms User: guest
[2025-06-02T23:21:23.523Z] GET /api/products 304 5.792 ms User: guest
[2025-06-02T23:22:10.495Z] GET /api/products 304 10.935 ms User: guest
[2025-06-02T23:22:10.529Z] GET /api/products 304 8.422 ms User: guest
[2025-06-02T23:22:10.540Z] GET /api/products 304 8.228 ms User: guest
[2025-06-02T23:22:10.607Z] GET /api/products 304 8.272 ms User: guest
[2025-06-02T23:22:11.532Z] GET /api/products 304 9.627 ms User: guest
[2025-06-02T23:22:11.545Z] GET /api/products 304 10.768 ms User: guest
[2025-06-02T23:22:18.205Z] GET /api/products 304 7.194 ms User: guest
[2025-06-02T23:23:22.038Z] GET /api/products 200 5.704 ms User: guest
[2025-06-02T23:23:26.326Z] GET /api/products 304 7.307 ms User: guest
[2025-06-02T23:23:28.835Z] GET /api/products 304 6.694 ms User: guest
[2025-06-02T23:23:31.520Z] GET /api/products/683e1682b4a24c3f27617ef5 304 3.801 ms User: guest
[2025-06-02T23:23:31.521Z] GET /api/users/favorites 304 7.759 ms User: topoopilikee@gmail.com
[2025-06-02T23:23:33.359Z] GET /api/products 304 7.705 ms User: guest
[2025-06-02T23:23:35.680Z] GET /api/products/683e1682b4a24c3f27617ef5 304 3.751 ms User: guest
[2025-06-02T23:23:35.682Z] GET /api/users/favorites 304 7.634 ms User: topoopilikee@gmail.com
[2025-06-02T23:23:48.678Z] GET /api/products/683e1682b4a24c3f27617ef5 304 3.479 ms User: guest
[2025-06-02T23:23:48.679Z] GET /api/users/favorites 304 6.898 ms User: topoopilikee@gmail.com
[2025-06-02T23:23:55.432Z] GET /api/products 304 7.134 ms User: guest
[2025-06-02T23:23:56.247Z] GET /api/products 304 10.616 ms User: guest
[2025-06-02T23:23:56.248Z] GET /api/users/favorites 304 10.367 ms User: topoopilikee@gmail.com
[2025-06-02T23:23:57.346Z] GET /api/products 304 8.924 ms User: guest
[2025-06-02T23:24:00.450Z] GET /api/users/favorites 304 5.201 ms User: topoopilikee@gmail.com
[2025-06-02T23:24:04.022Z] GET /api/users/favorites 304 11.221 ms User: topoopilikee@gmail.com
[2025-06-02T23:24:04.024Z] GET /api/products 304 9.801 ms User: guest
[2025-06-02T23:24:04.531Z] GET /api/products 304 9.585 ms User: guest
[2025-06-02T23:24:08.827Z] GET /api/users/favorites 304 8.343 ms User: topoopilikee@gmail.com
[2025-06-02T23:24:08.828Z] GET /api/products/683e1682b4a24c3f27617f00 200 3.543 ms User: guest
[2025-06-02T23:24:12.416Z] GET /api/products 304 7.313 ms User: guest
[2025-06-02T23:24:13.533Z] GET /api/products/683e1682b4a24c3f27617ef5 304 3.168 ms User: guest
[2025-06-02T23:24:13.534Z] GET /api/users/favorites 304 6.046 ms User: topoopilikee@gmail.com
[2025-06-02T23:24:15.192Z] GET /api/products 304 7.406 ms User: guest
[2025-06-02T23:24:17.399Z] GET /api/users/favorites 304 6.616 ms User: topoopilikee@gmail.com
[2025-06-02T23:24:17.401Z] GET /api/products 304 6.234 ms User: guest
[2025-06-02T23:24:22.642Z] GET /api/products 304 6.454 ms User: guest
[2025-06-02T23:24:26.460Z] GET /api/products 304 7.819 ms User: guest
[2025-06-02T23:24:26.461Z] GET /api/users/favorites 304 7.668 ms User: topoopilikee@gmail.com
[2025-06-02T23:25:10.058Z] GET /api/products 304 5.439 ms User: guest
[2025-06-02T23:25:10.073Z] GET /api/products 304 5.265 ms User: guest
[2025-06-02T23:25:17.085Z] POST /api/auth/login 401 85.791 ms User: guest
[2025-06-02T23:25:18.209Z] POST /api/auth/login 200 93.292 ms User: guest
[2025-06-02T23:25:18.241Z] GET /api/products 304 7.106 ms User: guest
[2025-06-02T23:25:37.710Z] GET /api/orders/myorders 304 5.054 ms User: admin@luxefashionboutique.com
[2025-06-02T23:27:33.837Z] GET /api/orders/myorders 304 4.050 ms User: admin@luxefashionboutique.com
[2025-06-02T23:27:43.235Z] GET /api/orders/myorders 304 4.192 ms User: admin@luxefashionboutique.com
[2025-06-02T23:29:15.443Z] GET /api/orders/myorders 304 3.262 ms User: admin@luxefashionboutique.com
[2025-06-02T23:29:32.116Z] GET /api/orders/myorders 304 4.287 ms User: admin@luxefashionboutique.com
[2025-06-02T23:29:35.177Z] GET /api/users/favorites 304 4.123 ms User: admin@luxefashionboutique.com
[2025-06-02T23:30:10.722Z] GET /api/products 304 9.140 ms User: guest
[2025-06-02T23:34:19.322Z] POST /api/users/login 200 50.603 ms User: guest
[2025-06-02T23:34:19.332Z] GET /api/users 200 4.381 ms User: admin@luxefashionboutique.com
[2025-06-02T23:34:19.338Z] GET /api/users 200 3.530 ms User: admin@luxefashionboutique.com
[2025-06-02T23:34:19.344Z] GET /api/users 200 3.688 ms User: admin@luxefashionboutique.com
[2025-06-02T23:34:19.349Z] GET /api/users 200 3.210 ms User: admin@luxefashionboutique.com
[2025-06-02T23:34:19.354Z] GET /api/users 200 3.550 ms User: admin@luxefashionboutique.com
[2025-06-02T23:34:19.359Z] GET /api/users 200 3.180 ms User: admin@luxefashionboutique.com
[2025-06-02T23:34:19.361Z] GET /api/users/admin/favorites-analytics 404 0.316 ms User: guest
[2025-06-02T23:34:19.364Z] GET /api/users/admin/users-favorites 404 0.147 ms User: guest
[2025-06-02T23:37:29.500Z] GET /api/products 304 17.320 ms User: guest
[2025-06-02T23:37:36.810Z] GET /api/products 304 10.525 ms User: guest
[2025-06-02T23:37:40.341Z] POST /api/auth/login 200 64.260 ms User: guest
[2025-06-02T23:37:40.360Z] GET /api/products 304 9.747 ms User: guest
[2025-06-02T23:37:43.144Z] POST /api/auth/login 200 55.494 ms User: guest
[2025-06-02T23:37:43.166Z] GET /api/products 304 10.378 ms User: guest
[2025-06-02T23:37:46.963Z] POST /api/auth/login 200 54.880 ms User: guest
[2025-06-02T23:37:46.982Z] GET /api/products 304 8.570 ms User: guest
[2025-06-02T23:37:58.421Z] POST /api/auth/login 200 54.518 ms User: guest
[2025-06-02T23:37:58.440Z] GET /api/products 304 7.202 ms User: guest
[2025-06-02T23:38:03.584Z] GET /api/products 304 11.891 ms User: guest
[2025-06-02T23:38:26.365Z] POST /api/auth/login 200 49.749 ms User: guest
[2025-06-02T23:38:26.385Z] GET /api/products 304 8.685 ms User: guest
[2025-06-02T23:39:02.223Z] POST /api/auth/login 400 1.151 ms User: guest
[2025-06-02T23:39:02.270Z] GET /api/products 304 7.225 ms User: guest
[2025-06-02T23:39:10.394Z] POST /api/auth/login 400 0.429 ms User: guest
[2025-06-02T23:39:10.448Z] GET /api/products 304 8.461 ms User: guest
[2025-06-02T23:39:21.278Z] POST /api/auth/login 400 0.567 ms User: guest
[2025-06-02T23:39:21.300Z] GET /api/products 304 7.840 ms User: guest
[2025-06-02T23:39:29.912Z] POST /api/auth/login 400 0.590 ms User: guest
[2025-06-02T23:39:29.964Z] GET /api/products 304 9.510 ms User: guest
[2025-06-02T23:39:31.656Z] POST /api/users/login 200 57.825 ms User: guest
[2025-06-02T23:39:31.807Z] GET /api/products 304 6.516 ms User: guest
[2025-06-02T23:40:13.566Z] POST /api/auth/login 200 51.591 ms User: guest
[2025-06-02T23:40:19.019Z] POST /api/auth/login 200 54.261 ms User: guest
[2025-06-02T23:40:37.613Z] POST /api/auth/login 200 55.272 ms User: guest
[2025-06-02T23:40:50.437Z] POST /api/auth/login 200 49.502 ms User: guest
[2025-06-02T23:42:26.935Z] POST /api/auth/login 200 56.246 ms User: guest
[2025-06-02T23:42:26.974Z] GET /api/products 304 8.972 ms User: guest
[2025-06-02T23:42:33.678Z] POST /api/auth/login 200 52.160 ms User: guest
[2025-06-02T23:42:33.699Z] GET /api/products 304 7.889 ms User: guest
[2025-06-02T23:42:41.340Z] POST /api/auth/login 200 54.074 ms User: guest
[2025-06-02T23:42:41.358Z] GET /api/products 304 6.845 ms User: guest
[2025-06-02T23:42:43.191Z] GET /api/orders/myorders 304 5.300 ms User: admin@luxefashionboutique.com
[2025-06-02T23:42:46.416Z] GET /api/users 200 5.771 ms User: admin@luxefashionboutique.com
[2025-06-02T23:43:09.252Z] GET /api/users/admin/users-favorites 200 9.045 ms User: admin@luxefashionboutique.com
[2025-06-02T23:43:09.258Z] GET /api/users/admin/favorites-analytics 200 17.045 ms User: admin@luxefashionboutique.com
[2025-06-02T23:43:16.126Z] GET /api/users/admin/favorites-analytics 304 5.168 ms User: admin@luxefashionboutique.com
[2025-06-02T23:43:16.129Z] GET /api/users/admin/users-favorites 304 3.778 ms User: admin@luxefashionboutique.com
[2025-06-02T23:43:16.392Z] GET /api/users 304 4.568 ms User: admin@luxefashionboutique.com
[2025-06-02T23:43:16.900Z] GET /api/users/admin/users-favorites 304 3.772 ms User: admin@luxefashionboutique.com
[2025-06-02T23:43:16.900Z] GET /api/users/admin/favorites-analytics 304 5.991 ms User: admin@luxefashionboutique.com
[2025-06-02T23:43:17.340Z] GET /api/users 304 4.399 ms User: admin@luxefashionboutique.com
[2025-06-02T23:43:17.703Z] GET /api/users/admin/favorites-analytics 304 3.841 ms User: admin@luxefashionboutique.com
[2025-06-02T23:43:17.704Z] GET /api/users/admin/users-favorites 304 3.797 ms User: admin@luxefashionboutique.com
[2025-06-02T23:43:24.200Z] GET /api/users 304 4.001 ms User: admin@luxefashionboutique.com
[2025-06-02T23:43:25.999Z] GET /api/users 304 4.409 ms User: admin@luxefashionboutique.com
[2025-06-02T23:43:26.894Z] GET /api/users/admin/favorites-analytics 304 4.809 ms User: admin@luxefashionboutique.com
[2025-06-02T23:43:26.894Z] GET /api/users/admin/users-favorites 304 3.310 ms User: admin@luxefashionboutique.com
[2025-06-02T23:43:27.631Z] GET /api/users 304 4.615 ms User: admin@luxefashionboutique.com
[2025-06-02T23:43:27.958Z] GET /api/users/admin/favorites-analytics 304 4.487 ms User: admin@luxefashionboutique.com
[2025-06-02T23:43:27.958Z] GET /api/users/admin/users-favorites 304 3.308 ms User: admin@luxefashionboutique.com
[2025-06-02T23:43:29.511Z] GET /api/users 304 4.213 ms User: admin@luxefashionboutique.com
[2025-06-02T23:43:31.599Z] GET /api/users 304 4.307 ms User: admin@luxefashionboutique.com
[2025-06-02T23:43:31.990Z] GET /api/users/admin/users-favorites 304 2.918 ms User: admin@luxefashionboutique.com
[2025-06-02T23:43:31.991Z] GET /api/users/admin/favorites-analytics 304 5.038 ms User: admin@luxefashionboutique.com
[2025-06-02T23:45:16.477Z] GET /api/users 304 7.393 ms User: admin@luxefashionboutique.com
[2025-06-02T23:45:27.788Z] GET /api/products 304 15.477 ms User: guest
[2025-06-02T23:45:27.789Z] GET /api/users/favorites 304 19.730 ms User: admin@luxefashionboutique.com
[2025-06-02T23:45:28.471Z] GET /api/products 304 11.125 ms User: guest
[2025-06-02T23:45:29.013Z] GET /api/users/favorites 304 13.223 ms User: admin@luxefashionboutique.com
[2025-06-02T23:45:29.015Z] GET /api/products 304 11.532 ms User: guest
