[2025-06-01T00:17:43.338Z] GET /api/products 200 20.550 ms User: guest
[2025-06-01T00:17:47.442Z] GET /api/products/categories 200 5.091 ms User: guest
[2025-06-01T00:21:30.685Z] POST /api/initialize 403 1.885 ms User: guest
[2025-06-01T00:22:08.822Z] POST /api/initialize 403 0.299 ms User: guest
[2025-06-01T00:22:20.500Z] GET /api/products 200 8.105 ms User: guest
[2025-06-01T00:22:42.595Z] POST /api/create-sample-product 404 0.426 ms User: guest
[2025-06-01T00:25:09.134Z] POST /api/create-sample-product 200 15.685 ms User: guest
[2025-06-01T00:25:14.438Z] GET /api/products 200 11.484 ms User: guest
[2025-06-01T00:25:20.330Z] GET /api/products/categories 200 6.635 ms User: guest
[2025-06-01T00:25:25.016Z] GET /api/products/featured 200 2.904 ms User: guest
[2025-06-01T00:25:59.917Z] POST /api/create-sample-products 404 0.550 ms User: guest
[2025-06-01T05:49:42.775Z] GET /api/products 304 19.309 ms User: guest
[2025-06-01T05:49:42.784Z] GET /api/products 304 7.444 ms User: guest
[2025-06-01T05:49:46.328Z] GET /api/products 304 10.460 ms User: guest
[2025-06-01T05:49:46.340Z] GET /api/products 304 8.925 ms User: guest
[2025-06-01T05:52:45.605Z] POST /api/auth/register 400 2.735 ms User: guest
[2025-06-01T05:53:47.981Z] POST /api/auth/login 200 70.545 ms User: guest
[2025-06-01T05:53:48.184Z] GET /api/products 304 28.458 ms User: guest
[2025-06-01T05:53:48.204Z] GET /api/products 304 16.696 ms User: guest
[2025-06-01T05:53:50.886Z] GET /api/products 304 11.873 ms User: guest
[2025-06-01T05:53:50.907Z] GET /api/products 304 18.440 ms User: guest
[2025-06-01T12:28:09.432Z] GET /api/products 200 33.085 ms User: guest
[2025-06-01T12:28:09.456Z] GET /api/products 304 14.186 ms User: guest
[2025-06-01T13:01:48.821Z] POST /api/auth/login 200 278.959 ms User: guest
[2025-06-01T13:01:49.224Z] GET /api/products 200 57.398 ms User: guest
[2025-06-01T13:01:49.266Z] GET /api/products 304 29.280 ms User: guest
[2025-06-01T13:01:58.123Z] GET /api/products 304 19.096 ms User: guest
[2025-06-01T13:01:58.160Z] GET /api/products 304 25.931 ms User: guest
[2025-06-01T13:02:07.949Z] GET /api/auth/verify 200 13.410 ms User: john@example.com
[2025-06-01T13:02:07.986Z] GET /api/auth/verify 304 5.366 ms User: john@example.com
[2025-06-01T13:02:08.031Z] GET /api/products 304 17.700 ms User: guest
[2025-06-01T13:02:08.064Z] GET /api/products 304 22.249 ms User: guest
[2025-06-01T13:26:31.846Z] GET /api/products 304 19.898 ms User: guest
[2025-06-01T13:26:31.864Z] GET /api/products 304 10.780 ms User: guest
[2025-06-01T13:26:59.226Z] GET /api/products 200 11.479 ms User: guest
[2025-06-01T13:27:55.206Z] GET /api/products 200 18.903 ms User: guest
[2025-06-01T13:33:04.874Z] GET /api/products 200 13.362 ms User: guest
[2025-06-01T13:33:13.481Z] GET /api/auth/verify 401 3.596 ms User: guest
[2025-06-01T13:33:20.220Z] GET /api/products 304 14.338 ms User: guest
[2025-06-01T13:33:20.239Z] GET /api/products 304 12.739 ms User: guest
[2025-06-01T13:37:26.532Z] GET /api/products 200 7.263 ms User: guest
[2025-06-01T13:37:26.550Z] GET /api/products 304 10.349 ms User: guest
[2025-06-01T13:38:04.865Z] GET /api/products 304 8.192 ms User: guest
[2025-06-01T13:38:04.879Z] GET /api/products 304 8.465 ms User: guest
[2025-06-01T13:39:05.648Z] GET /api/products 200 15.240 ms User: guest
[2025-06-01T13:48:23.248Z] GET /api/products 200 40.655 ms User: guest
[2025-06-01T13:48:29.432Z] GET /api/products 304 13.644 ms User: guest
[2025-06-01T13:48:29.449Z] GET /api/products 304 12.138 ms User: guest
[2025-06-01T13:48:33.714Z] GET /api/products 200 29.692 ms User: guest
[2025-06-01T16:57:12.300Z] GET /api/products 304 9.603 ms User: guest
[2025-06-01T16:57:12.318Z] GET /api/products 304 11.608 ms User: guest
[2025-06-01T17:00:52.854Z] GET /api/products 304 8.070 ms User: guest
[2025-06-01T17:00:52.866Z] GET /api/products 304 7.619 ms User: guest
[2025-06-01T17:09:33.407Z] GET /api/products 200 11.518 ms User: guest
[2025-06-01T17:09:54.745Z] GET /api/products 304 6.831 ms User: guest
[2025-06-01T17:09:54.757Z] GET /api/products 304 7.236 ms User: guest
[2025-06-01T17:10:18.011Z] GET /api/products 200 6.303 ms User: guest
[2025-06-01T17:10:26.771Z] GET /api/products 304 6.358 ms User: guest
[2025-06-01T17:10:26.782Z] GET /api/products 304 5.523 ms User: guest
[2025-06-01T17:17:45.069Z] GET /api/products 304 10.283 ms User: guest
[2025-06-01T17:17:45.090Z] GET /api/products 304 12.724 ms User: guest
[2025-06-01T17:17:51.140Z] GET /api/products 304 7.926 ms User: guest
[2025-06-01T17:17:51.156Z] GET /api/products 304 10.949 ms User: guest
[2025-06-01T17:17:51.715Z] GET /api/products 304 9.003 ms User: guest
[2025-06-01T17:17:51.727Z] GET /api/products 304 6.702 ms User: guest
[2025-06-01T17:17:52.210Z] GET /api/products 304 9.198 ms User: guest
[2025-06-01T17:17:52.225Z] GET /api/products 304 8.983 ms User: guest
[2025-06-01T17:22:56.122Z] GET /api/products 304 8.170 ms User: guest
[2025-06-01T17:22:56.133Z] GET /api/products 304 6.517 ms User: guest
[2025-06-01T17:35:33.535Z] GET /api/products 304 11.429 ms User: guest
[2025-06-01T17:35:33.553Z] GET /api/products 304 11.457 ms User: guest
[2025-06-01T17:43:20.209Z] GET /api/products 304 5.575 ms User: guest
[2025-06-01T17:43:20.219Z] GET /api/products 304 5.449 ms User: guest
[2025-06-01T17:43:24.502Z] GET /api/products 304 7.777 ms User: guest
[2025-06-01T17:43:24.513Z] GET /api/products 304 7.356 ms User: guest
[2025-06-01T17:44:00.191Z] GET /api/products 304 5.231 ms User: guest
[2025-06-01T17:44:00.200Z] GET /api/products 304 4.898 ms User: guest
[2025-06-01T17:46:21.059Z] GET /api/products 304 8.600 ms User: guest
[2025-06-01T17:46:21.073Z] GET /api/products 304 9.485 ms User: guest
[2025-06-01T17:47:49.402Z] GET /api/products 304 9.847 ms User: guest
[2025-06-01T17:47:49.417Z] GET /api/products 304 9.498 ms User: guest
[2025-06-01T17:47:49.660Z] GET /api/products 304 9.380 ms User: guest
[2025-06-01T17:47:49.668Z] GET /api/products 304 10.746 ms User: guest
[2025-06-01T17:47:49.676Z] GET /api/products 304 9.683 ms User: guest
[2025-06-01T17:47:49.691Z] GET /api/products 304 13.100 ms User: guest
[2025-06-01T17:47:49.694Z] GET /api/products 304 13.200 ms User: guest
[2025-06-01T17:47:49.708Z] GET /api/products 304 8.061 ms User: guest
[2025-06-01T17:47:49.722Z] GET /api/products 304 9.461 ms User: guest
[2025-06-01T17:47:49.735Z] GET /api/products 304 8.085 ms User: guest
[2025-06-01T17:47:56.982Z] GET /api/products 304 7.123 ms User: guest
[2025-06-01T17:47:56.995Z] GET /api/products 304 7.875 ms User: guest
[2025-06-01T17:47:57.733Z] GET /api/products 304 8.540 ms User: guest
[2025-06-01T17:47:57.744Z] GET /api/products 304 6.960 ms User: guest
[2025-06-01T17:48:04.135Z] GET /api/products 304 4.564 ms User: guest
[2025-06-01T17:48:04.143Z] GET /api/products 304 3.748 ms User: guest
[2025-06-01T17:49:47.517Z] GET /api/products 304 5.296 ms User: guest
[2025-06-01T17:49:47.869Z] GET /api/products 304 6.395 ms User: guest
[2025-06-01T17:49:47.878Z] GET /api/products 304 5.526 ms User: guest
[2025-06-01T17:49:47.969Z] GET /api/products 304 5.050 ms User: guest
[2025-06-01T17:49:47.982Z] GET /api/products 304 4.783 ms User: guest
[2025-06-01T17:49:47.989Z] GET /api/products 304 3.891 ms User: guest
[2025-06-01T17:50:14.692Z] GET /api/products 200 5.087 ms User: guest
[2025-06-01T18:05:06.354Z] GET /api/products 304 4.843 ms User: guest
[2025-06-01T18:05:38.563Z] GET /api/products 304 9.250 ms User: guest
[2025-06-01T18:06:08.048Z] GET /api/products 304 5.047 ms User: guest
[2025-06-01T18:06:20.506Z] GET /api/products 304 3.996 ms User: guest
[2025-06-01T18:35:54.859Z] GET /api/products 304 6.714 ms User: guest
[2025-06-01T18:39:56.559Z] GET /api/products 304 4.841 ms User: guest
[2025-06-01T18:39:58.300Z] GET /api/products 304 6.712 ms User: guest
[2025-06-01T18:40:00.931Z] GET /api/products 304 7.589 ms User: guest
[2025-06-01T18:40:01.714Z] GET /api/products 304 7.555 ms User: guest
[2025-06-01T18:40:03.266Z] GET /api/products 304 8.891 ms User: guest
[2025-06-01T18:41:16.964Z] GET /api/products 304 7.914 ms User: guest
[2025-06-01T18:41:48.436Z] GET /api/products 304 5.692 ms User: guest
[2025-06-01T18:42:23.040Z] GET /api/products 304 5.896 ms User: guest
[2025-06-01T18:42:55.687Z] GET /api/products 304 4.740 ms User: guest
[2025-06-01T18:46:20.385Z] GET /api/products 304 9.728 ms User: guest
[2025-06-01T18:46:23.549Z] GET /api/products 304 10.142 ms User: guest
[2025-06-01T18:46:38.775Z] GET /api/products 200 4.115 ms User: guest
[2025-06-01T18:51:16.097Z] GET /api/products 304 6.201 ms User: guest
[2025-06-01T18:51:56.322Z] GET /api/products 304 7.524 ms User: guest
[2025-06-01T18:51:56.346Z] GET /api/products 304 7.446 ms User: guest
[2025-06-01T18:51:56.359Z] GET /api/products 304 7.665 ms User: guest
[2025-06-01T18:51:56.370Z] GET /api/products 304 6.998 ms User: guest
[2025-06-01T18:51:56.384Z] GET /api/products 304 6.083 ms User: guest
[2025-06-01T18:52:20.499Z] GET /api/products 304 6.591 ms User: guest
[2025-06-01T19:05:06.327Z] GET /api/products 304 5.723 ms User: guest
[2025-06-01T19:05:06.798Z] GET /api/products 304 4.620 ms User: guest
[2025-06-01T19:05:07.049Z] GET /api/products 304 4.688 ms User: guest
[2025-06-01T19:06:05.757Z] GET /api/products 200 4.897 ms User: guest
[2025-06-01T19:06:08.562Z] GET /api/products 304 4.672 ms User: guest
[2025-06-01T19:06:10.204Z] GET /api/products 304 6.343 ms User: guest
[2025-06-01T19:07:03.615Z] GET /api/products 200 4.180 ms User: guest
[2025-06-01T19:07:09.432Z] GET /api/products 304 5.386 ms User: guest
[2025-06-01T19:08:21.844Z] GET /api/products 304 7.560 ms User: guest
[2025-06-01T19:09:19.860Z] GET /api/products 304 4.837 ms User: guest
[2025-06-01T19:10:56.844Z] GET /api/products 304 6.586 ms User: guest
[2025-06-01T19:11:19.111Z] GET /api/products 304 5.234 ms User: guest
[2025-06-01T19:14:36.245Z] GET /api/products 200 5.165 ms User: guest
[2025-06-01T19:15:24.439Z] GET /api/products 304 4.337 ms User: guest
[2025-06-01T19:15:46.803Z] GET /api/products 304 6.336 ms User: guest
[2025-06-01T19:16:17.390Z] GET /api/products 304 5.357 ms User: guest
[2025-06-01T19:17:26.691Z] GET /api/products 304 5.651 ms User: guest
[2025-06-01T19:17:27.664Z] GET /api/products 304 4.793 ms User: guest
[2025-06-01T19:17:27.667Z] GET /api/products 304 4.230 ms User: guest
[2025-06-01T19:18:59.931Z] GET /api/products 304 8.060 ms User: guest
[2025-06-01T19:23:11.112Z] GET /api/products 304 6.062 ms User: guest
[2025-06-01T19:23:18.619Z] GET /api/products 304 8.806 ms User: guest
[2025-06-01T19:24:00.853Z] GET /api/products 304 6.552 ms User: guest
[2025-06-01T19:24:03.623Z] GET /api/products 304 9.547 ms User: guest
[2025-06-01T19:24:03.796Z] GET /api/products 304 8.199 ms User: guest
[2025-06-01T19:24:20.354Z] GET /api/products 200 6.391 ms User: guest
[2025-06-01T19:24:33.815Z] GET /api/products 304 8.983 ms User: guest
[2025-06-01T19:30:58.182Z] GET /api/products 304 4.722 ms User: guest
[2025-06-01T19:30:58.749Z] GET /api/products 304 4.873 ms User: guest
[2025-06-01T19:30:59.455Z] GET /api/products 304 5.259 ms User: guest
[2025-06-01T19:37:13.858Z] GET /api/products 304 6.709 ms User: guest
[2025-06-01T19:38:52.569Z] GET /api/products 304 6.949 ms User: guest
[2025-06-01T19:52:01.263Z] GET /api/products 304 7.459 ms User: guest
[2025-06-01T19:52:09.427Z] GET /api/products 304 4.798 ms User: guest
[2025-06-01T19:52:12.342Z] GET /api/products 304 11.321 ms User: guest
[2025-06-01T20:01:10.214Z] GET /api/products 200 11.704 ms User: guest
[2025-06-01T20:01:12.685Z] GET /api/products 304 6.590 ms User: guest
[2025-06-01T20:05:03.405Z] GET /api/products 200 6.726 ms User: guest
[2025-06-01T20:06:19.929Z] GET /api/products 304 9.060 ms User: guest
[2025-06-01T20:06:25.446Z] GET /api/products 304 12.394 ms User: guest
[2025-06-01T20:06:48.074Z] GET /api/products 200 6.043 ms User: guest
[2025-06-01T20:09:15.305Z] GET /api/products 304 5.333 ms User: guest
[2025-06-01T20:09:15.764Z] GET /api/products 304 8.291 ms User: guest
[2025-06-01T20:09:15.860Z] GET /api/products 304 7.588 ms User: guest
[2025-06-01T20:09:16.071Z] GET /api/products 304 8.100 ms User: guest
[2025-06-01T20:09:33.528Z] GET /api/products 304 6.899 ms User: guest
[2025-06-01T20:09:44.044Z] GET /api/products 304 7.121 ms User: guest
[2025-06-01T20:09:44.442Z] GET /api/products 304 8.124 ms User: guest
[2025-06-01T20:09:53.927Z] GET /api/products 200 9.108 ms User: guest
[2025-06-01T20:09:55.643Z] GET /api/products 304 8.139 ms User: guest
[2025-06-01T20:09:58.685Z] GET /api/products 304 7.035 ms User: guest
[2025-06-01T20:10:00.838Z] GET /api/products 200 8.316 ms User: guest
[2025-06-01T20:10:15.921Z] GET /api/products 304 12.105 ms User: guest
[2025-06-01T20:11:24.125Z] GET /api/products 304 9.052 ms User: guest
[2025-06-01T20:11:27.913Z] GET /api/products 304 11.858 ms User: guest
[2025-06-01T20:11:27.930Z] GET /api/products 304 12.334 ms User: guest
[2025-06-01T20:11:27.965Z] GET /api/products 304 11.189 ms User: guest
[2025-06-01T20:11:28.058Z] GET /api/products 304 8.883 ms User: guest
[2025-06-01T20:11:29.679Z] GET /api/products 304 8.489 ms User: guest
[2025-06-01T23:14:24.834Z] GET /api/products 304 12.029 ms User: guest
[2025-06-01T23:14:24.881Z] GET /api/products 304 13.184 ms User: guest
[2025-06-01T23:14:24.896Z] GET /api/products 304 9.854 ms User: guest
[2025-06-01T23:14:25.011Z] GET /api/products 304 11.012 ms User: guest
[2025-06-01T23:14:26.639Z] GET /api/products 304 6.709 ms User: guest
[2025-06-01T23:16:18.110Z] POST /api/auth/register 400 2.524 ms User: guest
[2025-06-01T23:20:36.311Z] GET /api/products 304 9.414 ms User: guest
[2025-06-01T23:20:37.381Z] GET /api/products 304 6.502 ms User: guest
[2025-06-01T23:20:49.119Z] GET /api/products 304 7.291 ms User: guest
[2025-06-01T23:21:24.028Z] GET /api/products 304 8.226 ms User: guest
[2025-06-01T23:22:09.043Z] GET /api/products 304 11.307 ms User: guest
[2025-06-01T23:22:09.056Z] GET /api/products 304 8.030 ms User: guest
[2025-06-01T23:22:09.073Z] GET /api/products 304 10.097 ms User: guest
[2025-06-01T23:22:09.289Z] GET /api/products 304 4.938 ms User: guest
[2025-06-01T23:22:11.641Z] GET /api/products 304 8.359 ms User: guest
[2025-06-01T23:23:13.682Z] GET /api/products 304 8.697 ms User: guest
[2025-06-01T23:23:14.651Z] GET /api/products 304 4.720 ms User: guest
[2025-06-01T23:23:14.658Z] GET /api/products 304 3.954 ms User: guest
[2025-06-01T23:23:14.665Z] GET /api/products 304 3.727 ms User: guest
[2025-06-01T23:26:27.856Z] GET /api/products 304 4.645 ms User: guest
[2025-06-01T23:26:27.867Z] GET /api/products 304 4.612 ms User: guest
[2025-06-01T23:26:27.875Z] GET /api/products 304 4.671 ms User: guest
[2025-06-01T23:26:27.966Z] GET /api/products 304 4.288 ms User: guest
[2025-06-01T23:26:30.641Z] GET /api/products 304 4.434 ms User: guest
[2025-06-01T23:26:39.368Z] GET /api/products 304 3.971 ms User: guest
[2025-06-01T23:27:07.109Z] GET /api/products 304 5.236 ms User: guest
[2025-06-01T23:27:10.148Z] GET /api/products 304 7.027 ms User: guest
[2025-06-01T23:35:20.762Z] GET /api/products 304 9.732 ms User: guest
[2025-06-01T23:35:21.092Z] GET /api/products 304 5.951 ms User: guest
[2025-06-01T23:35:21.119Z] GET /api/products 304 6.411 ms User: guest
[2025-06-01T23:35:21.129Z] GET /api/products 304 5.675 ms User: guest
[2025-06-01T23:35:21.234Z] GET /api/products 304 6.081 ms User: guest
[2025-06-01T23:35:23.633Z] GET /api/products 304 4.123 ms User: guest
[2025-06-01T23:35:23.641Z] GET /api/products 304 3.211 ms User: guest
[2025-06-01T23:38:11.069Z] GET /api/products 304 9.204 ms User: guest
[2025-06-01T23:38:11.081Z] GET /api/products 304 7.411 ms User: guest
[2025-06-01T23:38:11.095Z] GET /api/products 304 7.996 ms User: guest
[2025-06-01T23:38:11.203Z] GET /api/products 304 7.589 ms User: guest
[2025-06-01T23:38:13.645Z] GET /api/products 304 5.511 ms User: guest
[2025-06-01T23:38:13.653Z] GET /api/products 304 4.097 ms User: guest
[2025-06-01T23:38:24.159Z] GET /api/products 304 9.229 ms User: guest
[2025-06-01T23:38:24.185Z] GET /api/products 304 7.084 ms User: guest
[2025-06-01T23:38:24.196Z] GET /api/products 304 7.215 ms User: guest
[2025-06-01T23:38:24.292Z] GET /api/products 304 7.429 ms User: guest
[2025-06-01T23:38:26.641Z] GET /api/products 304 5.748 ms User: guest
[2025-06-01T23:38:26.651Z] GET /api/products 304 4.363 ms User: guest
[2025-06-01T23:40:49.886Z] GET /api/products 304 9.506 ms User: guest
[2025-06-01T23:40:49.912Z] GET /api/products 304 9.240 ms User: guest
[2025-06-01T23:40:49.924Z] GET /api/products 304 8.060 ms User: guest
[2025-06-01T23:40:49.991Z] GET /api/products 304 8.985 ms User: guest
[2025-06-01T23:40:52.646Z] GET /api/products 304 6.934 ms User: guest
[2025-06-01T23:40:52.657Z] GET /api/products 304 6.936 ms User: guest
[2025-06-01T23:41:04.968Z] GET /api/products 304 9.099 ms User: guest
[2025-06-01T23:41:04.984Z] GET /api/products 304 9.483 ms User: guest
[2025-06-01T23:41:04.997Z] GET /api/products 304 8.150 ms User: guest
[2025-06-01T23:41:05.119Z] GET /api/products 304 6.814 ms User: guest
[2025-06-01T23:41:07.648Z] GET /api/products 304 7.598 ms User: guest
[2025-06-01T23:41:07.659Z] GET /api/products 304 5.917 ms User: guest
[2025-06-01T23:43:58.017Z] GET /api/products 304 7.898 ms User: guest
[2025-06-01T23:43:58.026Z] GET /api/products 304 4.856 ms User: guest
[2025-06-01T23:43:58.037Z] GET /api/products 304 6.453 ms User: guest
[2025-06-01T23:43:58.115Z] GET /api/products 304 4.988 ms User: guest
[2025-06-01T23:44:00.638Z] GET /api/products 304 6.427 ms User: guest
[2025-06-01T23:44:00.668Z] GET /api/products 304 5.991 ms User: guest
[2025-06-01T23:44:17.907Z] GET /api/products 304 8.276 ms User: guest
[2025-06-01T23:44:17.919Z] GET /api/products 304 8.091 ms User: guest
[2025-06-01T23:44:17.936Z] GET /api/products 304 10.573 ms User: guest
[2025-06-01T23:44:18.011Z] GET /api/products 304 10.472 ms User: guest
[2025-06-01T23:44:20.649Z] GET /api/products 304 7.749 ms User: guest
[2025-06-01T23:44:20.790Z] GET /api/products 304 7.387 ms User: guest
[2025-06-01T23:45:35.431Z] GET /api/products 304 4.703 ms User: guest
[2025-06-01T23:45:35.439Z] GET /api/products 304 3.862 ms User: guest
[2025-06-01T23:45:35.447Z] GET /api/products 304 4.103 ms User: guest
[2025-06-01T23:45:35.456Z] GET /api/products 304 4.347 ms User: guest
[2025-06-01T23:45:37.654Z] GET /api/products 304 4.617 ms User: guest
[2025-06-01T23:45:37.919Z] GET /api/products 304 5.829 ms User: guest
[2025-06-01T23:45:48.432Z] GET /api/products 304 9.617 ms User: guest
[2025-06-01T23:45:48.691Z] GET /api/products 304 5.795 ms User: guest
[2025-06-01T23:45:48.722Z] GET /api/products 304 5.896 ms User: guest
[2025-06-01T23:45:48.733Z] GET /api/products 304 6.544 ms User: guest
[2025-06-01T23:45:50.683Z] GET /api/products 304 4.869 ms User: guest
[2025-06-01T23:45:50.690Z] GET /api/products 304 4.072 ms User: guest
[2025-06-01T23:47:15.644Z] GET /api/products 304 4.003 ms User: guest
[2025-06-01T23:47:15.651Z] GET /api/products 304 3.432 ms User: guest
[2025-06-01T23:47:15.659Z] GET /api/products 304 3.479 ms User: guest
[2025-06-01T23:47:15.665Z] GET /api/products 304 3.300 ms User: guest
[2025-06-01T23:47:17.640Z] GET /api/products 304 5.244 ms User: guest
[2025-06-01T23:47:17.686Z] GET /api/products 304 4.036 ms User: guest
[2025-06-01T23:50:06.655Z] GET /api/products 304 7.147 ms User: guest
[2025-06-01T23:50:06.670Z] GET /api/products 304 7.271 ms User: guest
[2025-06-01T23:50:06.682Z] GET /api/products 304 6.826 ms User: guest
[2025-06-01T23:50:06.694Z] GET /api/products 304 6.529 ms User: guest
[2025-06-01T23:50:07.103Z] GET /api/products 304 6.832 ms User: guest
[2025-06-01T23:50:08.661Z] GET /api/products 304 5.642 ms User: guest
[2025-06-01T23:50:08.785Z] GET /api/products 304 5.857 ms User: guest
[2025-06-01T23:50:32.855Z] GET /api/products 304 6.930 ms User: guest
[2025-06-01T23:50:34.077Z] GET /api/products 304 12.355 ms User: guest
[2025-06-01T23:50:34.102Z] GET /api/products 304 11.380 ms User: guest
[2025-06-01T23:50:34.115Z] GET /api/products 304 8.318 ms User: guest
[2025-06-01T23:50:34.199Z] GET /api/products 304 8.357 ms User: guest
[2025-06-01T23:50:36.646Z] GET /api/products 304 6.469 ms User: guest
[2025-06-01T23:50:36.683Z] GET /api/products 304 5.941 ms User: guest
[2025-06-01T23:50:46.915Z] GET /api/products 304 8.361 ms User: guest
[2025-06-01T23:50:47.142Z] GET /api/products 304 9.542 ms User: guest
[2025-06-01T23:50:47.167Z] GET /api/products 304 8.996 ms User: guest
[2025-06-01T23:50:47.182Z] GET /api/products 304 9.467 ms User: guest
[2025-06-01T23:50:47.362Z] GET /api/products 304 7.598 ms User: guest
[2025-06-01T23:50:49.636Z] GET /api/products 304 5.627 ms User: guest
[2025-06-01T23:50:49.647Z] GET /api/products 304 6.877 ms User: guest
[2025-06-01T23:50:57.549Z] GET /api/products 304 6.174 ms User: guest
[2025-06-01T23:51:21.415Z] GET /api/products 304 5.176 ms User: guest
[2025-06-01T23:51:26.580Z] GET /api/products 304 6.943 ms User: guest
[2025-06-01T23:55:06.552Z] GET /api/products 304 7.095 ms User: guest
[2025-06-01T23:55:06.994Z] GET /api/products 304 6.114 ms User: guest
[2025-06-01T23:55:07.005Z] GET /api/products 304 6.076 ms User: guest
[2025-06-01T23:55:07.017Z] GET /api/products 304 6.250 ms User: guest
[2025-06-01T23:55:07.120Z] GET /api/products 304 4.769 ms User: guest
[2025-06-01T23:55:09.646Z] GET /api/products 304 4.566 ms User: guest
[2025-06-01T23:55:09.660Z] GET /api/products 304 5.814 ms User: guest
[2025-06-01T23:55:22.651Z] GET /api/products 304 6.800 ms User: guest
[2025-06-01T23:55:23.594Z] GET /api/products 304 6.341 ms User: guest
[2025-06-01T23:55:31.141Z] GET /api/products 304 7.479 ms User: guest
[2025-06-01T23:55:31.963Z] GET /api/products 304 7.640 ms User: guest
[2025-06-01T23:55:31.980Z] GET /api/products 304 10.051 ms User: guest
[2025-06-01T23:55:31.992Z] GET /api/products 304 7.703 ms User: guest
[2025-06-01T23:55:32.088Z] GET /api/products 304 6.367 ms User: guest
[2025-06-01T23:55:34.643Z] GET /api/products 304 5.831 ms User: guest
[2025-06-01T23:55:34.654Z] GET /api/products 304 4.862 ms User: guest
[2025-06-01T23:58:31.808Z] GET /api/products 304 7.074 ms User: guest
[2025-06-01T23:58:32.983Z] GET /api/products 304 6.640 ms User: guest
[2025-06-01T23:58:32.992Z] GET /api/products 304 5.079 ms User: guest
[2025-06-01T23:58:33.002Z] GET /api/products 304 5.581 ms User: guest
[2025-06-01T23:58:33.108Z] GET /api/products 304 8.065 ms User: guest
[2025-06-01T23:58:35.643Z] GET /api/products 304 5.059 ms User: guest
[2025-06-01T23:58:35.660Z] GET /api/products 304 4.393 ms User: guest
[2025-06-01T23:59:12.643Z] GET /api/products 304 8.915 ms User: guest
[2025-06-02T00:00:33.018Z] GET /api/products 304 7.795 ms User: guest
[2025-06-02T00:02:07.073Z] GET /api/products 304 8.343 ms User: guest
[2025-06-02T00:03:56.295Z] GET /api/products 304 5.556 ms User: guest
[2025-06-02T00:03:56.642Z] GET /api/products 304 4.141 ms User: guest
[2025-06-02T00:04:25.109Z] GET /api/products 304 5.803 ms User: guest
[2025-06-02T00:04:25.645Z] GET /api/products 304 4.322 ms User: guest
[2025-06-02T00:05:45.094Z] GET /api/products 304 4.989 ms User: guest
[2025-06-02T00:05:45.651Z] GET /api/products 304 3.883 ms User: guest
[2025-06-02T00:05:56.686Z] GET /api/products 304 4.968 ms User: guest
[2025-06-02T00:05:57.641Z] GET /api/products 304 4.236 ms User: guest
[2025-06-02T16:19:40.013Z] GET /api/products 304 8.764 ms User: guest
[2025-06-02T16:19:40.025Z] GET /api/products 304 6.484 ms User: guest
[2025-06-02T16:19:40.035Z] GET /api/products 304 6.803 ms User: guest
[2025-06-02T16:19:40.173Z] GET /api/products 304 8.373 ms User: guest
[2025-06-02T16:19:40.187Z] GET /api/products 304 7.097 ms User: guest
[2025-06-02T16:19:43.052Z] GET /api/products 304 4.141 ms User: guest
[2025-06-02T16:19:43.059Z] GET /api/products 304 3.834 ms User: guest
[2025-06-02T16:22:05.591Z] GET /api/products 200 4.478 ms User: guest
[2025-06-02T16:25:34.887Z] GET /api/products 200 6.205 ms User: guest
[2025-06-02T16:25:38.134Z] GET /api/products 200 5.297 ms User: guest
[2025-06-02T16:25:43.675Z] GET /api/products 304 6.840 ms User: guest
[2025-06-02T16:25:45.783Z] GET /api/products 200 4.912 ms User: guest
[2025-06-02T16:25:53.873Z] GET /api/products 304 4.319 ms User: guest
[2025-06-02T16:25:55.898Z] GET /api/products 200 4.134 ms User: guest
[2025-06-02T16:26:01.917Z] GET /api/products 304 4.293 ms User: guest
[2025-06-02T16:26:03.906Z] GET /api/products 200 4.544 ms User: guest
[2025-06-02T16:26:48.696Z] GET /api/products 200 5.073 ms User: guest
[2025-06-02T16:29:42.401Z] GET /api/products 304 5.583 ms User: guest
[2025-06-02T16:30:39.348Z] GET /api/products 304 5.630 ms User: guest
[2025-06-02T16:32:22.572Z] GET /api/products 304 4.152 ms User: guest
[2025-06-02T16:32:22.573Z] GET /api/products 304 4.292 ms User: guest
[2025-06-02T16:32:22.578Z] GET /api/products 304 3.367 ms User: guest
[2025-06-02T16:32:22.585Z] GET /api/products 304 4.125 ms User: guest
[2025-06-02T16:32:33.573Z] GET /api/products 304 5.799 ms User: guest
[2025-06-02T16:32:33.574Z] GET /api/products 304 5.601 ms User: guest
[2025-06-02T16:32:33.582Z] GET /api/products 304 4.464 ms User: guest
[2025-06-02T16:32:33.590Z] GET /api/products 304 4.376 ms User: guest
[2025-06-02T16:32:42.575Z] GET /api/products 304 5.270 ms User: guest
[2025-06-02T16:32:42.576Z] GET /api/products 304 5.097 ms User: guest
[2025-06-02T16:32:42.585Z] GET /api/products 304 5.713 ms User: guest
[2025-06-02T16:32:42.595Z] GET /api/products 304 5.774 ms User: guest
[2025-06-02T16:36:40.471Z] GET /api/products 304 6.007 ms User: guest
[2025-06-02T16:36:41.261Z] GET /api/products 304 6.394 ms User: guest
[2025-06-02T16:36:41.275Z] GET /api/products 304 6.407 ms User: guest
[2025-06-02T16:36:41.414Z] GET /api/products 304 6.569 ms User: guest
[2025-06-02T16:36:41.500Z] GET /api/products 304 5.913 ms User: guest
[2025-06-02T16:36:41.523Z] GET /api/products 304 5.746 ms User: guest
[2025-06-02T16:36:41.531Z] GET /api/products 304 4.368 ms User: guest
[2025-06-02T16:40:53.836Z] GET /api/products 304 6.873 ms User: guest
[2025-06-02T16:41:06.594Z] GET /api/products 304 8.315 ms User: guest
[2025-06-02T16:41:09.848Z] GET /api/products 304 8.168 ms User: guest
[2025-06-02T16:41:10.436Z] GET /api/products 304 7.864 ms User: guest
